[+] Containers:
 |- [+] Container: /Game/MyContent/Levels/L_FirstScene
 |   |- [+] ActorDescs:
 |   |   |- Guid:009864CD4C311FDCEBA2C6B898476439 BaseClass: NativeClass:/Script/Engine.SkyLight Name:SkyLight_1 Label:SkyLight SpatiallyLoaded:0 Bounds:IsValid=true, Min=(X=0.000 Y=0.000 Z=690.000), Max=(X=0.000 Y=0.000 Z=690.000) RuntimeGrid:None EditorOnly:0 RuntimeOnly:0 HLODRelevant:0 FolderPath:Lighting FolderGuid:963EC3EB4002CCE9759E2EBA541A873A
 |   |   |- Guid:0386391D45DC1C3618B299B5FD7DEAEA BaseClass: NativeClass:/Script/GeometryCollectionEngine.GeometryCollectionActor Name:GeometryCollectionActor_UAID_088FC30F2FD53EAF01_1328614871 Label:BP_KickableWall_GeometryCollection SpatiallyLoaded:1 Bounds:IsValid=true, Min=(X=-6390.000 Y=4931.000 Z=10.000), Max=(X=-6290.000 Y=5931.000 Z=410.000) RuntimeGrid:None EditorOnly:0 RuntimeOnly:0 HLODRelevant:0
 |   |   |- Guid:051761064EC26FB38E2D7FA87BFAE187 BaseClass: NativeClass:/Script/Engine.StaticMeshActor Name:StaticMeshActor_UAID_A4AE111137DC5EFB00_1110535423 Label:SM_SkySphere SpatiallyLoaded:0 Bounds:IsValid=true, Min=(X=-1646750.020 Y=-1635250.020 Z=-1638400.000), Max=(X=1630050.020 Y=1641550.020 Z=1638400.000) RuntimeGrid:None EditorOnly:0 RuntimeOnly:0 HLODRelevant:1 FolderPath:Lighting FolderGuid:963EC3EB4002CCE9759E2EBA541A873A
 |   |   |- Guid:07DC5BB747312AE09C67ACA1243C48A1 BaseClass: NativeClass:/Script/Engine.StaticMeshActor Name:StaticMeshActor_UAID_088FC30F2FD5D2AE01_1844328865 Label:SM_Cube3 SpatiallyLoaded:1 Bounds:IsValid=true, Min=(X=-3190.000 Y=860.000 Z=0.000), Max=(X=-2650.750 Y=960.000 Z=191.250) RuntimeGrid:None EditorOnly:0 RuntimeOnly:0 HLODRelevant:1 FolderPath:Track/Obstacles/Walls FolderGuid:B21EECCA4183E73204AFA788080794B0
 |   |   |- Guid:1182709B4B032545C285BAAAE3F10DCE BaseClass: NativeClass:/Script/Engine.PlayerStart Name:PlayerStart_UAID_088FC30F2FD5D6AE01_1560945572 Label:PlayerStart SpatiallyLoaded:0 Bounds:IsValid=true, Min=(X=-12330.000 Y=5410.000 Z=10.063), Max=(X=-12250.000 Y=5490.000 Z=194.063) RuntimeGrid:None EditorOnly:0 RuntimeOnly:0 HLODRelevant:0
 |   |   |- Guid:18159CBA4A561B0AC55CEDB249DCD4C0 BaseClass: NativeClass:/Script/Engine.StaticMeshActor Name:StaticMeshActor_UAID_088FC30F2FD514AF01_1862937488 Label:SM_Cube23 SpatiallyLoaded:1 Bounds:IsValid=true, Min=(X=-3900.000 Y=4970.750 Z=0.000), Max=(X=-3800.000 Y=5510.000 Z=191.250) RuntimeGrid:None EditorOnly:0 RuntimeOnly:0 HLODRelevant:1 FolderPath:Track/Obstacles/Walls FolderGuid:B21EECCA4183E73204AFA788080794B0
 |   |   |- Guid:23EC5103449FEE002819438176C665B3 BaseClass: NativeClass:/Script/Engine.PostProcessVolume Name:PostProcessVolume_0 Label:PostProcessVolume SpatiallyLoaded:0 Bounds:IsValid=true, Min=(X=0.000 Y=0.000 Z=400.000), Max=(X=200.000 Y=200.000 Z=600.000) RuntimeGrid:None EditorOnly:0 RuntimeOnly:0 HLODRelevant:0 FolderPath:Lighting FolderGuid:963EC3EB4002CCE9759E2EBA541A873A
 |   |   |- Guid:2AF651C246B62B27B1211EA16B7142E0 BaseClass: NativeClass:/Script/Engine.StaticMeshActor Name:StaticMeshActor_UAID_088FC30F2FD5D7AE01_1526162756 Label:SM_Cube19 SpatiallyLoaded:1 Bounds:IsValid=true, Min=(X=-12578.993 Y=4918.420 Z=-40.000), Max=(X=-2578.993 Y=5918.420 Z=10.000) RuntimeGrid:None EditorOnly:0 RuntimeOnly:0 HLODRelevant:1 FolderPath:Playground FolderGuid:C73F09FC4215536B1DCE2A9E0A830C70
 |   |   |- Guid:4675B7FD4AE8B755915DCABB85186C41 BaseClass:/Game/MyContent/Blueprints/Obstacles/BP_Anchor.BP_Anchor_C NativeClass:/Script/FieldSystemEngine.FieldSystemActor Name:BP_Anchor_C_UAID_088FC30F2FD56FAF01_1705530495 Label:BP_Anchor2 SpatiallyLoaded:1 Bounds:IsValid=true, Min=(X=-6776.000 Y=5816.000 Z=-14.500), Max=(X=-6616.000 Y=5976.000 Z=755.500) RuntimeGrid:None EditorOnly:0 RuntimeOnly:0 HLODRelevant:0
 |   |   |- Guid:470FA1694DF996E558F537809C02900F BaseClass: NativeClass:/Script/Engine.SkyAtmosphere Name:SkyAtmosphere_0 Label:SkyAtmosphere SpatiallyLoaded:0 Bounds:IsValid=true, Min=(X=0.000 Y=0.000 Z=1020.000), Max=(X=0.000 Y=0.000 Z=1020.000) RuntimeGrid:None EditorOnly:0 RuntimeOnly:0 HLODRelevant:0 FolderPath:Lighting FolderGuid:963EC3EB4002CCE9759E2EBA541A873A
 |   |   |- Guid:491012B74C8F263B0F00F7A4E7752CDA BaseClass: NativeClass:/Script/Engine.StaticMeshActor Name:StaticMeshActor_UAID_088FC30F2FD5D7AE01_1220671751 Label:SM_Cube14 SpatiallyLoaded:1 Bounds:IsValid=true, Min=(X=-3450.000 Y=-2590.000 Z=0.000), Max=(X=-2910.750 Y=-2490.000 Z=191.250) RuntimeGrid:None EditorOnly:0 RuntimeOnly:0 HLODRelevant:1 FolderPath:Track/Obstacles/Walls FolderGuid:B21EECCA4183E73204AFA788080794B0
 |   |   |- Guid:4B8490C94E6323A477B478BAF7EC128F BaseClass: NativeClass:/Script/Engine.StaticMeshActor Name:StaticMeshActor_UAID_088FC30F2FD514AF01_1862933485 Label:SM_Cube21 SpatiallyLoaded:1 Bounds:IsValid=true, Min=(X=-4540.000 Y=5190.750 Z=0.000), Max=(X=-4440.000 Y=5730.000 Z=191.250) RuntimeGrid:None EditorOnly:0 RuntimeOnly:0 HLODRelevant:1 FolderPath:Track/Obstacles/Walls FolderGuid:B21EECCA4183E73204AFA788080794B0
 |   |   |- Guid:6B96C3E544D157111FFF79B159437A06 BaseClass: NativeClass:/Script/Engine.StaticMeshActor Name:StaticMeshActor_UAID_088FC30F2FD5D7AE01_1150231749 Label:SM_Cube5 SpatiallyLoaded:1 Bounds:IsValid=true, Min=(X=-3360.000 Y=1960.000 Z=0.000), Max=(X=-2820.750 Y=2060.000 Z=191.250) RuntimeGrid:None EditorOnly:0 RuntimeOnly:0 HLODRelevant:1 FolderPath:Track/Obstacles/Walls FolderGuid:B21EECCA4183E73204AFA788080794B0
 |   |   |- Guid:6E272C864E43ED3F38991E96A1D5C344 BaseClass: NativeClass:/Script/Engine.StaticMeshActor Name:StaticMeshActor_UAID_088FC30F2FD5D7AE01_1220673752 Label:SM_Cube15 SpatiallyLoaded:1 Bounds:IsValid=true, Min=(X=-3350.000 Y=-1490.000 Z=0.000), Max=(X=-2810.750 Y=-1390.000 Z=191.250) RuntimeGrid:None EditorOnly:0 RuntimeOnly:0 HLODRelevant:1 FolderPath:Track/Obstacles/Walls FolderGuid:B21EECCA4183E73204AFA788080794B0
 |   |   |- Guid:7790A1214E682DACF560A58066BB164C BaseClass:/Game/MyContent/Blueprints/Obstacles/BP_Explosive.BP_Explosive_C NativeClass:/Script/Engine.Actor Name:BP_Explosive_C_UAID_088FC30F2FD518AF01_1104182183 Label:BP_Explosive SpatiallyLoaded:1 Bounds:IsValid=true, Min=(X=-9197.000 Y=5374.000 Z=-47.937), Max=(X=-9097.000 Y=5474.000 Z=52.063) RuntimeGrid:None EditorOnly:0 RuntimeOnly:0 HLODRelevant:0 FolderPath:Track/Obstacles/Explosives FolderGuid:87D97F1846F6E90E487BE59B32E441A7
 |   |   |- Guid:7A5C2BA84D6BA9719C2525B048F072C7 BaseClass:/Game/MyContent/Blueprints/BP_Camera.BP_Camera_C NativeClass:/Script/Engine.Actor Name:BP_Camera_C_UAID_088FC30F2FD5D8AE01_1774044936 Label:BP_Camera SpatiallyLoaded:1 Bounds:IsValid=true, Min=(X=-12350.922 Y=-4646.418 Z=46.752), Max=(X=-3043.640 Y=6553.940 Z=83.906) RuntimeGrid:None EditorOnly:0 RuntimeOnly:0 HLODRelevant:0
 |   |   |- Guid:89B319F640AFEAA81DA7E6B9AA17A2AE BaseClass: NativeClass:/Script/Engine.StaticMeshActor Name:StaticMeshActor_UAID_088FC30F2FD514AF01_1862936486 Label:SM_Cube22 SpatiallyLoaded:1 Bounds:IsValid=true, Min=(X=-5640.000 Y=5290.750 Z=0.000), Max=(X=-5540.000 Y=5830.000 Z=191.250) RuntimeGrid:None EditorOnly:0 RuntimeOnly:0 HLODRelevant:1 FolderPath:Track/Obstacles/Walls FolderGuid:B21EECCA4183E73204AFA788080794B0
 |   |   |- Guid:91FF19AE4821307A1F8AEDADED6B3D3C BaseClass: NativeClass:/Script/Engine.StaticMeshActor Name:StaticMeshActor_UAID_088FC30F2FD514AF01_1846424479 Label:SM_Cube17 SpatiallyLoaded:1 Bounds:IsValid=true, Min=(X=-10440.000 Y=5180.750 Z=0.000), Max=(X=-10340.000 Y=5720.000 Z=191.250) RuntimeGrid:None EditorOnly:0 RuntimeOnly:0 HLODRelevant:1 FolderPath:Track/Obstacles/Walls FolderGuid:B21EECCA4183E73204AFA788080794B0
 |   |   |- Guid:9220032541AF6020666176B1FC186A59 BaseClass: NativeClass:/Script/Engine.StaticMeshActor Name:StaticMeshActor_UAID_088FC30F2FD5D7AE01_1154631750 Label:SM_Cube6 SpatiallyLoaded:1 Bounds:IsValid=true, Min=(X=-3170.000 Y=2600.000 Z=0.000), Max=(X=-2630.750 Y=2700.000 Z=191.250) RuntimeGrid:None EditorOnly:0 RuntimeOnly:0 HLODRelevant:1 FolderPath:Track/Obstacles/Walls FolderGuid:B21EECCA4183E73204AFA788080794B0
 |   |   |- Guid:9AE5A77D4A4F4A189B228D8E92B621C1 BaseClass:/Game/MyContent/Blueprints/Obstacles/BP_Anchor.BP_Anchor_C NativeClass:/Script/FieldSystemEngine.FieldSystemActor Name:BP_Anchor_C_UAID_088FC30F2FD56FAF01_1717582496 Label:BP_Anchor3 SpatiallyLoaded:1 Bounds:IsValid=true, Min=(X=-6775.000 Y=4830.000 Z=-14.500), Max=(X=-6615.000 Y=4990.000 Z=755.500) RuntimeGrid:None EditorOnly:0 RuntimeOnly:0 HLODRelevant:0
 |   |   |- Guid:9E8DAB564D3F40843154258EC3A4CC7E BaseClass: NativeClass:/Script/Engine.StaticMeshActor Name:StaticMeshActor_UAID_088FC30F2FD5D7AE01_1220684753 Label:SM_Cube16 SpatiallyLoaded:1 Bounds:IsValid=true, Min=(X=-3130.000 Y=-850.000 Z=0.000), Max=(X=-2590.750 Y=-750.000 Z=191.250) RuntimeGrid:None EditorOnly:0 RuntimeOnly:0 HLODRelevant:1 FolderPath:Track/Obstacles/Walls FolderGuid:B21EECCA4183E73204AFA788080794B0
 |   |   |- Guid:A5FA9ACB42CA201A55682EB376E3F6DA BaseClass:/Game/MyContent/Blueprints/Obstacles/BP_Anchor.BP_Anchor_C NativeClass:/Script/FieldSystemEngine.FieldSystemActor Name:BP_Anchor_C_UAID_088FC30F2FD53EAF01_1672566874 Label:BP_Anchor SpatiallyLoaded:1 Bounds:IsValid=true, Min=(X=-6777.000 Y=4874.000 Z=-70.500), Max=(X=-6617.000 Y=5924.000 Z=149.500) RuntimeGrid:None EditorOnly:0 RuntimeOnly:0 HLODRelevant:0
 |   |   |- Guid:B45C9478450198B86FA8A1A2F256266C BaseClass: NativeClass:/Script/Engine.VolumetricCloud Name:VolumetricCloud_0 Label:VolumetricCloud SpatiallyLoaded:0 Bounds:IsValid=true, Min=(X=0.000 Y=0.000 Z=820.000), Max=(X=0.000 Y=0.000 Z=820.000) RuntimeGrid:None EditorOnly:0 RuntimeOnly:0 HLODRelevant:0 FolderPath:Lighting FolderGuid:963EC3EB4002CCE9759E2EBA541A873A
 |   |   |- Guid:B5070A6D4D0F5D7C506B529FA262B381 BaseClass: NativeClass:/Script/Engine.StaticMeshActor Name:StaticMeshActor_UAID_088FC30F2FD514AF01_1862938489 Label:SM_Cube10 SpatiallyLoaded:1 Bounds:IsValid=true, Min=(X=-3369.250 Y=3500.000 Z=0.000), Max=(X=-2830.000 Y=3600.000 Z=191.250) RuntimeGrid:None EditorOnly:0 RuntimeOnly:0 HLODRelevant:1 FolderPath:Track/Obstacles/Walls FolderGuid:B21EECCA4183E73204AFA788080794B0
 |   |   |- Guid:B64D31CA4E882AFEBEF2D7848797DC72 BaseClass: NativeClass:/Script/Engine.StaticMeshActor Name:StaticMeshActor_UAID_088FC30F2FD514AF01_1846428480 Label:SM_Cube18 SpatiallyLoaded:1 Bounds:IsValid=true, Min=(X=-11540.000 Y=5280.750 Z=0.000), Max=(X=-11440.000 Y=5820.000 Z=191.250) RuntimeGrid:None EditorOnly:0 RuntimeOnly:0 HLODRelevant:1 FolderPath:Track/Obstacles/Walls FolderGuid:B21EECCA4183E73204AFA788080794B0
 |   |   |- Guid:B9F011FC4355009C2522E19F570DB677 BaseClass: NativeClass:/Script/GeometryCollectionEngine.GeometryCollectionActor Name:GeometryCollectionActor_UAID_088FC30F2FD53EAF01_1510043873 Label:SM_Cube_GeometryCollection SpatiallyLoaded:1 Bounds:IsValid=true, Min=(X=-6750.000 Y=4923.000 Z=10.063), Max=(X=-6650.000 Y=5898.000 Z=610.063) RuntimeGrid:None EditorOnly:0 RuntimeOnly:0 HLODRelevant:0
 |   |   |- Guid:BD1CF80D4385DE4C04EC049AC6C856CF BaseClass: NativeClass:/Script/Engine.StaticMeshActor Name:StaticMeshActor_UAID_088FC30F2FD514AF01_1862939490 Label:SM_Cube11 SpatiallyLoaded:1 Bounds:IsValid=true, Min=(X=-3179.250 Y=4140.000 Z=0.000), Max=(X=-2640.000 Y=4240.000 Z=191.250) RuntimeGrid:None EditorOnly:0 RuntimeOnly:0 HLODRelevant:1 FolderPath:Track/Obstacles/Walls FolderGuid:B21EECCA4183E73204AFA788080794B0
 |   |   |- Guid:BE846975486957CF69EFA988CD6C0087 BaseClass: NativeClass:/Script/Engine.StaticMeshActor Name:StaticMeshActor_UAID_088FC30F2FD514AF01_1846431484 Label:SM_Cube8 SpatiallyLoaded:1 Bounds:IsValid=true, Min=(X=-7501.000 Y=5190.750 Z=0.000), Max=(X=-7401.000 Y=5730.000 Z=191.250) RuntimeGrid:None EditorOnly:0 RuntimeOnly:0 HLODRelevant:1 FolderPath:Track/Obstacles/Walls FolderGuid:B21EECCA4183E73204AFA788080794B0
 |   |   |- Guid:C34A74974E8FFBD6E4A9F5B2EF86102B BaseClass: NativeClass:/Script/Engine.StaticMeshActor Name:StaticMeshActor_UAID_088FC30F2FD5D2AE01_1611832864 Label:SM_Cube2 SpatiallyLoaded:1 Bounds:IsValid=true, Min=(X=-3580.000 Y=-5060.000 Z=-50.000), Max=(X=-2580.000 Y=4940.000 Z=0.000) RuntimeGrid:None EditorOnly:0 RuntimeOnly:0 HLODRelevant:1 FolderPath:Playground FolderGuid:C73F09FC4215536B1DCE2A9E0A830C70
 |   |   |- Guid:CCB60C05428592D18372E9ADA153E5D4 BaseClass: NativeClass:/Script/Engine.ExponentialHeightFog Name:ExponentialHeightFog_0 Label:ExponentialHeightFog SpatiallyLoaded:0 Bounds:IsValid=true, Min=(X=-5600.000 Y=-50.000 Z=-6850.000), Max=(X=-5600.000 Y=-50.000 Z=-6850.000) RuntimeGrid:None EditorOnly:0 RuntimeOnly:0 HLODRelevant:0 FolderPath:Lighting FolderGuid:963EC3EB4002CCE9759E2EBA541A873A
 |   |   |- Guid:D794FD144BBA70073F465290FF8D3E65 BaseClass: NativeClass:/Script/Engine.StaticMeshActor Name:StaticMeshActor_UAID_088FC30F2FD514AF01_1846429482 Label:SM_Cube20 SpatiallyLoaded:1 Bounds:IsValid=true, Min=(X=-9800.000 Y=4960.750 Z=0.000), Max=(X=-9700.000 Y=5500.000 Z=191.250) RuntimeGrid:None EditorOnly:0 RuntimeOnly:0 HLODRelevant:1 FolderPath:Track/Obstacles/Walls FolderGuid:B21EECCA4183E73204AFA788080794B0
 |   |   |- Guid:DA777E1249B69BCEA4DA97AF41CB7027 BaseClass: NativeClass:/Script/Engine.DirectionalLight Name:DirectionalLight_0 Label:DirectionalLight SpatiallyLoaded:0 Bounds:IsValid=true, Min=(X=-4398046511104.000 Y=-4398046511104.000 Z=-4398046511104.000), Max=(X=4398046511104.000 Y=4398046511104.000 Z=4398046511104.000) RuntimeGrid:None EditorOnly:0 RuntimeOnly:0 HLODRelevant:0 FolderPath:Lighting FolderGuid:963EC3EB4002CCE9759E2EBA541A873A
 |   |   |- Guid:E6B9402E4F1229F7FC276C8755F2E1AA BaseClass: NativeClass:/Script/Engine.WorldDataLayers Name:WorldDataLayers Label:WorldDataLayers SpatiallyLoaded:0 Bounds:IsValid=true, Min=(X=0.000 Y=0.000 Z=0.000), Max=(X=0.000 Y=0.000 Z=0.000) RuntimeGrid:None EditorOnly:0 RuntimeOnly:0 HLODRelevant:0
 |   |- [+] Clusters:
 |   |   |- [+] [  0]
 |   |   |   |- Guid:470FA1694DF996E558F537809C02900F BaseClass: NativeClass:/Script/Engine.SkyAtmosphere Name:SkyAtmosphere_0 Label:SkyAtmosphere SpatiallyLoaded:0 Bounds:IsValid=true, Min=(X=0.000 Y=0.000 Z=1020.000), Max=(X=0.000 Y=0.000 Z=1020.000) RuntimeGrid:None EditorOnly:0 RuntimeOnly:0 HLODRelevant:0 FolderPath:Lighting FolderGuid:963EC3EB4002CCE9759E2EBA541A873A
 |   |   |- [+] [  1]
 |   |   |   |- Guid:B45C9478450198B86FA8A1A2F256266C BaseClass: NativeClass:/Script/Engine.VolumetricCloud Name:VolumetricCloud_0 Label:VolumetricCloud SpatiallyLoaded:0 Bounds:IsValid=true, Min=(X=0.000 Y=0.000 Z=820.000), Max=(X=0.000 Y=0.000 Z=820.000) RuntimeGrid:None EditorOnly:0 RuntimeOnly:0 HLODRelevant:0 FolderPath:Lighting FolderGuid:963EC3EB4002CCE9759E2EBA541A873A
 |   |   |- [+] [  2]
 |   |   |   |- Guid:23EC5103449FEE002819438176C665B3 BaseClass: NativeClass:/Script/Engine.PostProcessVolume Name:PostProcessVolume_0 Label:PostProcessVolume SpatiallyLoaded:0 Bounds:IsValid=true, Min=(X=0.000 Y=0.000 Z=400.000), Max=(X=200.000 Y=200.000 Z=600.000) RuntimeGrid:None EditorOnly:0 RuntimeOnly:0 HLODRelevant:0 FolderPath:Lighting FolderGuid:963EC3EB4002CCE9759E2EBA541A873A
 |   |   |- [+] [  3]
 |   |   |   |- Guid:6E272C864E43ED3F38991E96A1D5C344 BaseClass: NativeClass:/Script/Engine.StaticMeshActor Name:StaticMeshActor_UAID_088FC30F2FD5D7AE01_1220673752 Label:SM_Cube15 SpatiallyLoaded:1 Bounds:IsValid=true, Min=(X=-3350.000 Y=-1490.000 Z=0.000), Max=(X=-2810.750 Y=-1390.000 Z=191.250) RuntimeGrid:None EditorOnly:0 RuntimeOnly:0 HLODRelevant:1 FolderPath:Track/Obstacles/Walls FolderGuid:B21EECCA4183E73204AFA788080794B0
 |   |   |- [+] [  4]
 |   |   |   |- Guid:7790A1214E682DACF560A58066BB164C BaseClass:/Game/MyContent/Blueprints/Obstacles/BP_Explosive.BP_Explosive_C NativeClass:/Script/Engine.Actor Name:BP_Explosive_C_UAID_088FC30F2FD518AF01_1104182183 Label:BP_Explosive SpatiallyLoaded:1 Bounds:IsValid=true, Min=(X=-9197.000 Y=5374.000 Z=-47.937), Max=(X=-9097.000 Y=5474.000 Z=52.063) RuntimeGrid:None EditorOnly:0 RuntimeOnly:0 HLODRelevant:0 FolderPath:Track/Obstacles/Explosives FolderGuid:87D97F1846F6E90E487BE59B32E441A7
 |   |   |- [+] [  5]
 |   |   |   |- Guid:E6B9402E4F1229F7FC276C8755F2E1AA BaseClass: NativeClass:/Script/Engine.WorldDataLayers Name:WorldDataLayers Label:WorldDataLayers SpatiallyLoaded:0 Bounds:IsValid=true, Min=(X=0.000 Y=0.000 Z=0.000), Max=(X=0.000 Y=0.000 Z=0.000) RuntimeGrid:None EditorOnly:0 RuntimeOnly:0 HLODRelevant:0
 |   |   |- [+] [  6]
 |   |   |   |- Guid:D794FD144BBA70073F465290FF8D3E65 BaseClass: NativeClass:/Script/Engine.StaticMeshActor Name:StaticMeshActor_UAID_088FC30F2FD514AF01_1846429482 Label:SM_Cube20 SpatiallyLoaded:1 Bounds:IsValid=true, Min=(X=-9800.000 Y=4960.750 Z=0.000), Max=(X=-9700.000 Y=5500.000 Z=191.250) RuntimeGrid:None EditorOnly:0 RuntimeOnly:0 HLODRelevant:1 FolderPath:Track/Obstacles/Walls FolderGuid:B21EECCA4183E73204AFA788080794B0
 |   |   |- [+] [  7]
 |   |   |   |- Guid:491012B74C8F263B0F00F7A4E7752CDA BaseClass: NativeClass:/Script/Engine.StaticMeshActor Name:StaticMeshActor_UAID_088FC30F2FD5D7AE01_1220671751 Label:SM_Cube14 SpatiallyLoaded:1 Bounds:IsValid=true, Min=(X=-3450.000 Y=-2590.000 Z=0.000), Max=(X=-2910.750 Y=-2490.000 Z=191.250) RuntimeGrid:None EditorOnly:0 RuntimeOnly:0 HLODRelevant:1 FolderPath:Track/Obstacles/Walls FolderGuid:B21EECCA4183E73204AFA788080794B0
 |   |   |- [+] [  8]
 |   |   |   |- Guid:07DC5BB747312AE09C67ACA1243C48A1 BaseClass: NativeClass:/Script/Engine.StaticMeshActor Name:StaticMeshActor_UAID_088FC30F2FD5D2AE01_1844328865 Label:SM_Cube3 SpatiallyLoaded:1 Bounds:IsValid=true, Min=(X=-3190.000 Y=860.000 Z=0.000), Max=(X=-2650.750 Y=960.000 Z=191.250) RuntimeGrid:None EditorOnly:0 RuntimeOnly:0 HLODRelevant:1 FolderPath:Track/Obstacles/Walls FolderGuid:B21EECCA4183E73204AFA788080794B0
 |   |   |- [+] [  9]
 |   |   |   |- Guid:BE846975486957CF69EFA988CD6C0087 BaseClass: NativeClass:/Script/Engine.StaticMeshActor Name:StaticMeshActor_UAID_088FC30F2FD514AF01_1846431484 Label:SM_Cube8 SpatiallyLoaded:1 Bounds:IsValid=true, Min=(X=-7501.000 Y=5190.750 Z=0.000), Max=(X=-7401.000 Y=5730.000 Z=191.250) RuntimeGrid:None EditorOnly:0 RuntimeOnly:0 HLODRelevant:1 FolderPath:Track/Obstacles/Walls FolderGuid:B21EECCA4183E73204AFA788080794B0
 |   |   |- [+] [ 10]
 |   |   |   |- Guid:B9F011FC4355009C2522E19F570DB677 BaseClass: NativeClass:/Script/GeometryCollectionEngine.GeometryCollectionActor Name:GeometryCollectionActor_UAID_088FC30F2FD53EAF01_1510043873 Label:SM_Cube_GeometryCollection SpatiallyLoaded:1 Bounds:IsValid=true, Min=(X=-6750.000 Y=4923.000 Z=10.063), Max=(X=-6650.000 Y=5898.000 Z=610.063) RuntimeGrid:None EditorOnly:0 RuntimeOnly:0 HLODRelevant:0
 |   |   |   |- Guid:A5FA9ACB42CA201A55682EB376E3F6DA BaseClass:/Game/MyContent/Blueprints/Obstacles/BP_Anchor.BP_Anchor_C NativeClass:/Script/FieldSystemEngine.FieldSystemActor Name:BP_Anchor_C_UAID_088FC30F2FD53EAF01_1672566874 Label:BP_Anchor SpatiallyLoaded:1 Bounds:IsValid=true, Min=(X=-6777.000 Y=4874.000 Z=-70.500), Max=(X=-6617.000 Y=5924.000 Z=149.500) RuntimeGrid:None EditorOnly:0 RuntimeOnly:0 HLODRelevant:0
 |   |   |   |- Guid:9AE5A77D4A4F4A189B228D8E92B621C1 BaseClass:/Game/MyContent/Blueprints/Obstacles/BP_Anchor.BP_Anchor_C NativeClass:/Script/FieldSystemEngine.FieldSystemActor Name:BP_Anchor_C_UAID_088FC30F2FD56FAF01_1717582496 Label:BP_Anchor3 SpatiallyLoaded:1 Bounds:IsValid=true, Min=(X=-6775.000 Y=4830.000 Z=-14.500), Max=(X=-6615.000 Y=4990.000 Z=755.500) RuntimeGrid:None EditorOnly:0 RuntimeOnly:0 HLODRelevant:0
 |   |   |   |- Guid:4675B7FD4AE8B755915DCABB85186C41 BaseClass:/Game/MyContent/Blueprints/Obstacles/BP_Anchor.BP_Anchor_C NativeClass:/Script/FieldSystemEngine.FieldSystemActor Name:BP_Anchor_C_UAID_088FC30F2FD56FAF01_1705530495 Label:BP_Anchor2 SpatiallyLoaded:1 Bounds:IsValid=true, Min=(X=-6776.000 Y=5816.000 Z=-14.500), Max=(X=-6616.000 Y=5976.000 Z=755.500) RuntimeGrid:None EditorOnly:0 RuntimeOnly:0 HLODRelevant:0
 |   |   |- [+] [ 11]
 |   |   |   |- Guid:7A5C2BA84D6BA9719C2525B048F072C7 BaseClass:/Game/MyContent/Blueprints/BP_Camera.BP_Camera_C NativeClass:/Script/Engine.Actor Name:BP_Camera_C_UAID_088FC30F2FD5D8AE01_1774044936 Label:BP_Camera SpatiallyLoaded:1 Bounds:IsValid=true, Min=(X=-12350.922 Y=-4646.418 Z=46.752), Max=(X=-3043.640 Y=6553.940 Z=83.906) RuntimeGrid:None EditorOnly:0 RuntimeOnly:0 HLODRelevant:0
 |   |   |- [+] [ 12]
 |   |   |   |- Guid:1182709B4B032545C285BAAAE3F10DCE BaseClass: NativeClass:/Script/Engine.PlayerStart Name:PlayerStart_UAID_088FC30F2FD5D6AE01_1560945572 Label:PlayerStart SpatiallyLoaded:0 Bounds:IsValid=true, Min=(X=-12330.000 Y=5410.000 Z=10.063), Max=(X=-12250.000 Y=5490.000 Z=194.063) RuntimeGrid:None EditorOnly:0 RuntimeOnly:0 HLODRelevant:0
 |   |   |- [+] [ 13]
 |   |   |   |- Guid:9E8DAB564D3F40843154258EC3A4CC7E BaseClass: NativeClass:/Script/Engine.StaticMeshActor Name:StaticMeshActor_UAID_088FC30F2FD5D7AE01_1220684753 Label:SM_Cube16 SpatiallyLoaded:1 Bounds:IsValid=true, Min=(X=-3130.000 Y=-850.000 Z=0.000), Max=(X=-2590.750 Y=-750.000 Z=191.250) RuntimeGrid:None EditorOnly:0 RuntimeOnly:0 HLODRelevant:1 FolderPath:Track/Obstacles/Walls FolderGuid:B21EECCA4183E73204AFA788080794B0
 |   |   |- [+] [ 14]
 |   |   |   |- Guid:B5070A6D4D0F5D7C506B529FA262B381 BaseClass: NativeClass:/Script/Engine.StaticMeshActor Name:StaticMeshActor_UAID_088FC30F2FD514AF01_1862938489 Label:SM_Cube10 SpatiallyLoaded:1 Bounds:IsValid=true, Min=(X=-3369.250 Y=3500.000 Z=0.000), Max=(X=-2830.000 Y=3600.000 Z=191.250) RuntimeGrid:None EditorOnly:0 RuntimeOnly:0 HLODRelevant:1 FolderPath:Track/Obstacles/Walls FolderGuid:B21EECCA4183E73204AFA788080794B0
 |   |   |- [+] [ 15]
 |   |   |   |- Guid:89B319F640AFEAA81DA7E6B9AA17A2AE BaseClass: NativeClass:/Script/Engine.StaticMeshActor Name:StaticMeshActor_UAID_088FC30F2FD514AF01_1862936486 Label:SM_Cube22 SpatiallyLoaded:1 Bounds:IsValid=true, Min=(X=-5640.000 Y=5290.750 Z=0.000), Max=(X=-5540.000 Y=5830.000 Z=191.250) RuntimeGrid:None EditorOnly:0 RuntimeOnly:0 HLODRelevant:1 FolderPath:Track/Obstacles/Walls FolderGuid:B21EECCA4183E73204AFA788080794B0
 |   |   |- [+] [ 16]
 |   |   |   |- Guid:C34A74974E8FFBD6E4A9F5B2EF86102B BaseClass: NativeClass:/Script/Engine.StaticMeshActor Name:StaticMeshActor_UAID_088FC30F2FD5D2AE01_1611832864 Label:SM_Cube2 SpatiallyLoaded:1 Bounds:IsValid=true, Min=(X=-3580.000 Y=-5060.000 Z=-50.000), Max=(X=-2580.000 Y=4940.000 Z=0.000) RuntimeGrid:None EditorOnly:0 RuntimeOnly:0 HLODRelevant:1 FolderPath:Playground FolderGuid:C73F09FC4215536B1DCE2A9E0A830C70
 |   |   |- [+] [ 17]
 |   |   |   |- Guid:009864CD4C311FDCEBA2C6B898476439 BaseClass: NativeClass:/Script/Engine.SkyLight Name:SkyLight_1 Label:SkyLight SpatiallyLoaded:0 Bounds:IsValid=true, Min=(X=0.000 Y=0.000 Z=690.000), Max=(X=0.000 Y=0.000 Z=690.000) RuntimeGrid:None EditorOnly:0 RuntimeOnly:0 HLODRelevant:0 FolderPath:Lighting FolderGuid:963EC3EB4002CCE9759E2EBA541A873A
 |   |   |- [+] [ 18]
 |   |   |   |- Guid:4B8490C94E6323A477B478BAF7EC128F BaseClass: NativeClass:/Script/Engine.StaticMeshActor Name:StaticMeshActor_UAID_088FC30F2FD514AF01_1862933485 Label:SM_Cube21 SpatiallyLoaded:1 Bounds:IsValid=true, Min=(X=-4540.000 Y=5190.750 Z=0.000), Max=(X=-4440.000 Y=5730.000 Z=191.250) RuntimeGrid:None EditorOnly:0 RuntimeOnly:0 HLODRelevant:1 FolderPath:Track/Obstacles/Walls FolderGuid:B21EECCA4183E73204AFA788080794B0
 |   |   |- [+] [ 19]
 |   |   |   |- Guid:91FF19AE4821307A1F8AEDADED6B3D3C BaseClass: NativeClass:/Script/Engine.StaticMeshActor Name:StaticMeshActor_UAID_088FC30F2FD514AF01_1846424479 Label:SM_Cube17 SpatiallyLoaded:1 Bounds:IsValid=true, Min=(X=-10440.000 Y=5180.750 Z=0.000), Max=(X=-10340.000 Y=5720.000 Z=191.250) RuntimeGrid:None EditorOnly:0 RuntimeOnly:0 HLODRelevant:1 FolderPath:Track/Obstacles/Walls FolderGuid:B21EECCA4183E73204AFA788080794B0
 |   |   |- [+] [ 20]
 |   |   |   |- Guid:0386391D45DC1C3618B299B5FD7DEAEA BaseClass: NativeClass:/Script/GeometryCollectionEngine.GeometryCollectionActor Name:GeometryCollectionActor_UAID_088FC30F2FD53EAF01_1328614871 Label:BP_KickableWall_GeometryCollection SpatiallyLoaded:1 Bounds:IsValid=true, Min=(X=-6390.000 Y=4931.000 Z=10.000), Max=(X=-6290.000 Y=5931.000 Z=410.000) RuntimeGrid:None EditorOnly:0 RuntimeOnly:0 HLODRelevant:0
 |   |   |- [+] [ 21]
 |   |   |   |- Guid:9220032541AF6020666176B1FC186A59 BaseClass: NativeClass:/Script/Engine.StaticMeshActor Name:StaticMeshActor_UAID_088FC30F2FD5D7AE01_1154631750 Label:SM_Cube6 SpatiallyLoaded:1 Bounds:IsValid=true, Min=(X=-3170.000 Y=2600.000 Z=0.000), Max=(X=-2630.750 Y=2700.000 Z=191.250) RuntimeGrid:None EditorOnly:0 RuntimeOnly:0 HLODRelevant:1 FolderPath:Track/Obstacles/Walls FolderGuid:B21EECCA4183E73204AFA788080794B0
 |   |   |- [+] [ 22]
 |   |   |   |- Guid:6B96C3E544D157111FFF79B159437A06 BaseClass: NativeClass:/Script/Engine.StaticMeshActor Name:StaticMeshActor_UAID_088FC30F2FD5D7AE01_1150231749 Label:SM_Cube5 SpatiallyLoaded:1 Bounds:IsValid=true, Min=(X=-3360.000 Y=1960.000 Z=0.000), Max=(X=-2820.750 Y=2060.000 Z=191.250) RuntimeGrid:None EditorOnly:0 RuntimeOnly:0 HLODRelevant:1 FolderPath:Track/Obstacles/Walls FolderGuid:B21EECCA4183E73204AFA788080794B0
 |   |   |- [+] [ 23]
 |   |   |   |- Guid:B64D31CA4E882AFEBEF2D7848797DC72 BaseClass: NativeClass:/Script/Engine.StaticMeshActor Name:StaticMeshActor_UAID_088FC30F2FD514AF01_1846428480 Label:SM_Cube18 SpatiallyLoaded:1 Bounds:IsValid=true, Min=(X=-11540.000 Y=5280.750 Z=0.000), Max=(X=-11440.000 Y=5820.000 Z=191.250) RuntimeGrid:None EditorOnly:0 RuntimeOnly:0 HLODRelevant:1 FolderPath:Track/Obstacles/Walls FolderGuid:B21EECCA4183E73204AFA788080794B0
 |   |   |- [+] [ 24]
 |   |   |   |- Guid:CCB60C05428592D18372E9ADA153E5D4 BaseClass: NativeClass:/Script/Engine.ExponentialHeightFog Name:ExponentialHeightFog_0 Label:ExponentialHeightFog SpatiallyLoaded:0 Bounds:IsValid=true, Min=(X=-5600.000 Y=-50.000 Z=-6850.000), Max=(X=-5600.000 Y=-50.000 Z=-6850.000) RuntimeGrid:None EditorOnly:0 RuntimeOnly:0 HLODRelevant:0 FolderPath:Lighting FolderGuid:963EC3EB4002CCE9759E2EBA541A873A
 |   |   |- [+] [ 25]
 |   |   |   |- Guid:18159CBA4A561B0AC55CEDB249DCD4C0 BaseClass: NativeClass:/Script/Engine.StaticMeshActor Name:StaticMeshActor_UAID_088FC30F2FD514AF01_1862937488 Label:SM_Cube23 SpatiallyLoaded:1 Bounds:IsValid=true, Min=(X=-3900.000 Y=4970.750 Z=0.000), Max=(X=-3800.000 Y=5510.000 Z=191.250) RuntimeGrid:None EditorOnly:0 RuntimeOnly:0 HLODRelevant:1 FolderPath:Track/Obstacles/Walls FolderGuid:B21EECCA4183E73204AFA788080794B0
 |   |   |- [+] [ 26]
 |   |   |   |- Guid:BD1CF80D4385DE4C04EC049AC6C856CF BaseClass: NativeClass:/Script/Engine.StaticMeshActor Name:StaticMeshActor_UAID_088FC30F2FD514AF01_1862939490 Label:SM_Cube11 SpatiallyLoaded:1 Bounds:IsValid=true, Min=(X=-3179.250 Y=4140.000 Z=0.000), Max=(X=-2640.000 Y=4240.000 Z=191.250) RuntimeGrid:None EditorOnly:0 RuntimeOnly:0 HLODRelevant:1 FolderPath:Track/Obstacles/Walls FolderGuid:B21EECCA4183E73204AFA788080794B0
 |   |   |- [+] [ 27]
 |   |   |   |- Guid:2AF651C246B62B27B1211EA16B7142E0 BaseClass: NativeClass:/Script/Engine.StaticMeshActor Name:StaticMeshActor_UAID_088FC30F2FD5D7AE01_1526162756 Label:SM_Cube19 SpatiallyLoaded:1 Bounds:IsValid=true, Min=(X=-12578.993 Y=4918.420 Z=-40.000), Max=(X=-2578.993 Y=5918.420 Z=10.000) RuntimeGrid:None EditorOnly:0 RuntimeOnly:0 HLODRelevant:1 FolderPath:Playground FolderGuid:C73F09FC4215536B1DCE2A9E0A830C70
 |   |   |- [+] [ 28]
 |   |   |   |- Guid:DA777E1249B69BCEA4DA97AF41CB7027 BaseClass: NativeClass:/Script/Engine.DirectionalLight Name:DirectionalLight_0 Label:DirectionalLight SpatiallyLoaded:0 Bounds:IsValid=true, Min=(X=-4398046511104.000 Y=-4398046511104.000 Z=-4398046511104.000), Max=(X=4398046511104.000 Y=4398046511104.000 Z=4398046511104.000) RuntimeGrid:None EditorOnly:0 RuntimeOnly:0 HLODRelevant:0 FolderPath:Lighting FolderGuid:963EC3EB4002CCE9759E2EBA541A873A
 |   |   |- [+] [ 29]
 |   |   |   |- Guid:051761064EC26FB38E2D7FA87BFAE187 BaseClass: NativeClass:/Script/Engine.StaticMeshActor Name:StaticMeshActor_UAID_A4AE111137DC5EFB00_1110535423 Label:SM_SkySphere SpatiallyLoaded:0 Bounds:IsValid=true, Min=(X=-1646750.020 Y=-1635250.020 Z=-1638400.000), Max=(X=1630050.020 Y=1641550.020 Z=1638400.000) RuntimeGrid:None EditorOnly:0 RuntimeOnly:0 HLODRelevant:1 FolderPath:Lighting FolderGuid:963EC3EB4002CCE9759E2EBA541A873A
 |- ContainerInstances:
 |- [+] MainContainer:
 |   |-        ID: 0x0000000000000000
 |   |-    Bounds: IsValid=false, Min=(X=0.000 Y=0.000 Z=0.000), Max=(X=0.000 Y=0.000 Z=0.000)
 |   |- Transform: 0.000000,0.000000,0.000000|0.000000,0.000000,-0.000000|1.000000,1.000000,1.000000
 |   |- Container: /Game/MyContent/Levels/L_FirstScene
----------------------------------------------------------------------------------------------------------------
L_FirstScene - Persistent Level
----------------------------------------------------------------------------------------------------------------
Always loaded Actor Count: 42 

----------------------------------------------------------------------------------------------------------------
L_FirstScene - Runtime Spatial Hash - Streaming Grid - MainGrid
----------------------------------------------------------------------------------------------------------------
            Origin: X=0.000 Y=0.000 Z=0.000
         Cell Size: 12800
      World Bounds: IsValid=false, Min=(X=0.000 Y=0.000 Z=0.000), Max=(X=0.000 Y=0.000 Z=0.000)
     Loading Range: 25600.00
Block Slow Loading: No
 ClientOnlyVisible: No

[+] Grid Levels: 1
 |- Level  0: Cell Count    0 | Cell Size   12800 | Actor Count    0 (0.0%)

[+] Content of Grid Level 0

