[+] Containers:
 |- [+] Container: /Game/MyContent/Levels/UI_Scene
 |   |- [+] ActorDescs:
 |   |   |- Guid:030F13F34539762E96A1EF8C5CDD6100 BaseClass: NativeClass:/Script/Engine.StaticMeshActor Name:StaticMeshActor_UAID_088FC30F2FD5D7AE01_1150231749 Label:SM_Cube5 SpatiallyLoaded:1 Bounds:IsValid=true, Min=(X=-3360.000 Y=1960.000 Z=0.000), Max=(X=-2820.750 Y=2060.000 Z=191.250) RuntimeGrid:None EditorOnly:0 RuntimeOnly:0 HLODRelevant:1 FolderPath:Track/Obstacles/Walls FolderGuid:B21EECCA4183E73204AFA788080794B0
 |   |   |- Guid:0ABB32B8404A285600480293352B1052 BaseClass: NativeClass:/Script/Engine.StaticMeshActor Name:StaticMeshActor_UAID_088FC30F2FD514AF01_1846431484 Label:SM_Cube8 SpatiallyLoaded:1 Bounds:IsValid=true, Min=(X=-7501.000 Y=5190.750 Z=0.000), Max=(X=-7401.000 Y=5730.000 Z=191.250) RuntimeGrid:None EditorOnly:0 RuntimeOnly:0 HLODRelevant:1 FolderPath:Track/Obstacles/Walls FolderGuid:B21EECCA4183E73204AFA788080794B0
 |   |   |- Guid:0CB278EE4EBB31C8B94F10AD2CA773CB BaseClass:/Game/MyContent/Blueprints/Obstacles/BP_HeliPatrol.BP_HeliPatrol_C NativeClass:/Script/Engine.Actor Name:BP_HeliPatrol_C_UAID_088FC30F2FD57DAF01_1735823960 Label:BP_HeliPatrol SpatiallyLoaded:1 Bounds:IsValid=true, Min=(X=-12397.000 Y=-5024.000 Z=721.000), Max=(X=-3070.423 Y=5409.852 Z=721.000) RuntimeGrid:None EditorOnly:0 RuntimeOnly:0 HLODRelevant:0
 |   |   |- Guid:1193ABCD48D3E32F70CB4EABEC350902 BaseClass: NativeClass:/Script/Engine.StaticMeshActor Name:StaticMeshActor_UAID_088FC30F2FD514AF01_1846429482 Label:SM_Cube20 SpatiallyLoaded:1 Bounds:IsValid=true, Min=(X=-9800.000 Y=4960.750 Z=0.000), Max=(X=-9700.000 Y=5500.000 Z=191.250) RuntimeGrid:None EditorOnly:0 RuntimeOnly:0 HLODRelevant:1 FolderPath:Track/Obstacles/Walls FolderGuid:B21EECCA4183E73204AFA788080794B0
 |   |   |- Guid:1754073F44A12ADAA06843AD93A0A9FA BaseClass: NativeClass:/Script/Engine.StaticMeshActor Name:StaticMeshActor_UAID_088FC30F2FD514AF01_1862939490 Label:SM_Cube11 SpatiallyLoaded:1 Bounds:IsValid=true, Min=(X=-3179.250 Y=4140.000 Z=0.000), Max=(X=-2640.000 Y=4240.000 Z=191.250) RuntimeGrid:None EditorOnly:0 RuntimeOnly:0 HLODRelevant:1 FolderPath:Track/Obstacles/Walls FolderGuid:B21EECCA4183E73204AFA788080794B0
 |   |   |- Guid:1A2E1384427C7F093E3254A1635C1064 BaseClass:/Game/MyContent/Blueprints/Obstacles/ChaosPlugin/BP_Anchor.BP_Anchor_C NativeClass:/Script/FieldSystemEngine.FieldSystemActor Name:BP_Anchor_C_UAID_088FC30F2FD56FAF01_1717582496 Label:BP_Anchor3 SpatiallyLoaded:1 Bounds:IsValid=true, Min=(X=-6775.000 Y=4882.000 Z=-14.500), Max=(X=-6615.000 Y=5042.000 Z=755.500) RuntimeGrid:None EditorOnly:0 RuntimeOnly:0 HLODRelevant:0 FolderPath:Track/Obstacles FolderGuid:82B3A19343C8F530F3B4B6BEB5A48305
 |   |   |- Guid:1A75EB5B4FA66AC27D084C8728CEE5B0 BaseClass:/Game/MyContent/Blueprints/Obstacles/BP_ChaosWall.BP_ChaosWall_C NativeClass:/Script/Engine.Actor Name:BP_ChaosWall_C_UAID_088FC30F2FD571AF01_2086659850 Label:BP_ChaosWall SpatiallyLoaded:1 Bounds:IsValid=true, Min=(X=-6748.000 Y=4944.000 Z=10.000), Max=(X=-6648.000 Y=5919.000 Z=610.000) RuntimeGrid:None EditorOnly:0 RuntimeOnly:0 HLODRelevant:0 FolderPath:Track/Obstacles FolderGuid:82B3A19343C8F530F3B4B6BEB5A48305
 |   |   |- Guid:1E337F0F46A70E6DF050A1857454E3D0 BaseClass: NativeClass:/Script/Engine.StaticMeshActor Name:StaticMeshActor_UAID_088FC30F2FD514AF01_1862938489 Label:SM_Cube10 SpatiallyLoaded:1 Bounds:IsValid=true, Min=(X=-3369.250 Y=3500.000 Z=0.000), Max=(X=-2830.000 Y=3600.000 Z=191.250) RuntimeGrid:None EditorOnly:0 RuntimeOnly:0 HLODRelevant:1 FolderPath:Track/Obstacles/Walls FolderGuid:B21EECCA4183E73204AFA788080794B0
 |   |   |- Guid:29F727414E4718BD6A2054A9AEC2390E BaseClass: NativeClass:/Script/Engine.PostProcessVolume Name:PostProcessVolume_0 Label:PostProcessVolume SpatiallyLoaded:0 Bounds:IsValid=true, Min=(X=0.000 Y=0.000 Z=400.000), Max=(X=200.000 Y=200.000 Z=600.000) RuntimeGrid:None EditorOnly:0 RuntimeOnly:0 HLODRelevant:0 FolderPath:Lighting FolderGuid:963EC3EB4002CCE9759E2EBA541A873A
 |   |   |- Guid:2DAC457143E4BCB65E6C53BE6C42FD4C BaseClass: NativeClass:/Script/Engine.StaticMeshActor Name:StaticMeshActor_UAID_088FC30F2FD514AF01_1862937488 Label:SM_Cube23 SpatiallyLoaded:1 Bounds:IsValid=true, Min=(X=-3900.000 Y=4970.750 Z=0.000), Max=(X=-3800.000 Y=5510.000 Z=191.250) RuntimeGrid:None EditorOnly:0 RuntimeOnly:0 HLODRelevant:1 FolderPath:Track/Obstacles/Walls FolderGuid:B21EECCA4183E73204AFA788080794B0
 |   |   |- Guid:370400364FD2AC7E16669CB20C1335C3 BaseClass: NativeClass:/Script/Engine.StaticMeshActor Name:StaticMeshActor_UAID_088FC30F2FD5D7AE01_1220673752 Label:SM_Cube15 SpatiallyLoaded:1 Bounds:IsValid=true, Min=(X=-3350.000 Y=-1490.000 Z=0.000), Max=(X=-2810.750 Y=-1390.000 Z=191.250) RuntimeGrid:None EditorOnly:0 RuntimeOnly:0 HLODRelevant:1 FolderPath:Track/Obstacles/Walls FolderGuid:B21EECCA4183E73204AFA788080794B0
 |   |   |- Guid:3E7CF2AC482AD2190A9FF68938C8B2B6 BaseClass:/Game/MyContent/Blueprints/Obstacles/ChaosPlugin/BP_Anchor.BP_Anchor_C NativeClass:/Script/FieldSystemEngine.FieldSystemActor Name:BP_Anchor_C_UAID_088FC30F2FD572AF01_1447369030 Label:BP_Anchor3 SpatiallyLoaded:1 Bounds:IsValid=true, Min=(X=-6785.126 Y=5822.199 Z=17.001), Max=(X=-6625.126 Y=5982.199 Z=712.001) RuntimeGrid:None EditorOnly:0 RuntimeOnly:0 HLODRelevant:0
 |   |   |- Guid:40A54A624F0F60FA8ACAF39F690ADE98 BaseClass: NativeClass:/Script/Engine.WorldDataLayers Name:WorldDataLayers Label:WorldDataLayers SpatiallyLoaded:0 Bounds:IsValid=true, Min=(X=0.000 Y=0.000 Z=0.000), Max=(X=0.000 Y=0.000 Z=0.000) RuntimeGrid:None EditorOnly:0 RuntimeOnly:0 HLODRelevant:0
 |   |   |- Guid:4227B9B4415BCA7DF3D1C6B154331FD0 BaseClass: NativeClass:/Script/Engine.StaticMeshActor Name:StaticMeshActor_UAID_088FC30F2FD514AF01_1862936486 Label:SM_Cube22 SpatiallyLoaded:1 Bounds:IsValid=true, Min=(X=-5640.000 Y=5290.750 Z=0.000), Max=(X=-5540.000 Y=5830.000 Z=191.250) RuntimeGrid:None EditorOnly:0 RuntimeOnly:0 HLODRelevant:1 FolderPath:Track/Obstacles/Walls FolderGuid:B21EECCA4183E73204AFA788080794B0
 |   |   |- Guid:554F6E564472974A358DAEBF1EAFA536 BaseClass:/Game/MyContent/Blueprints/Obstacles/ChaosPlugin/BP_Anchor.BP_Anchor_C NativeClass:/Script/FieldSystemEngine.FieldSystemActor Name:BP_Anchor_C_UAID_088FC30F2FD56FAF01_1705530495 Label:BP_Anchor2 SpatiallyLoaded:1 Bounds:IsValid=true, Min=(X=-6776.000 Y=5816.000 Z=-14.500), Max=(X=-6616.000 Y=5976.000 Z=755.500) RuntimeGrid:None EditorOnly:0 RuntimeOnly:0 HLODRelevant:0 FolderPath:Track/Obstacles FolderGuid:82B3A19343C8F530F3B4B6BEB5A48305
 |   |   |- Guid:589DC0304A6C9858934FD59696D73BBD BaseClass: NativeClass:/Script/Engine.SkyLight Name:SkyLight_1 Label:SkyLight SpatiallyLoaded:0 Bounds:IsValid=true, Min=(X=0.000 Y=0.000 Z=690.000), Max=(X=0.000 Y=0.000 Z=690.000) RuntimeGrid:None EditorOnly:0 RuntimeOnly:0 HLODRelevant:0 FolderPath:Lighting FolderGuid:963EC3EB4002CCE9759E2EBA541A873A
 |   |   |- Guid:6245500644D6C9E14EB86C955604B8D6 BaseClass:/Game/MyContent/Blueprints/BP_WallCamera.BP_WallCamera_C NativeClass:/Script/Engine.Actor Name:BP_WallCamera_C_UAID_088FC30F2FD5B6AF01_1583327993 Label:BP_WallCamera SpatiallyLoaded:1 Bounds:IsValid=true, Min=(X=-6704.000 Y=6750.000 Z=793.000), Max=(X=-6704.000 Y=6750.000 Z=793.000) RuntimeGrid:None EditorOnly:0 RuntimeOnly:0 HLODRelevant:0
 |   |   |- Guid:65EB76DD45B01F4BE94D779ADF7531AB BaseClass:/Game/MyContent/Blueprints/Obstacles/BP_Explosive.BP_Explosive_C NativeClass:/Script/Engine.Actor Name:BP_Explosive_C_UAID_088FC30F2FD518AF01_1104182183 Label:BP_Explosive SpatiallyLoaded:1 Bounds:IsValid=true, Min=(X=-9247.000 Y=5324.000 Z=-56.937), Max=(X=-9047.000 Y=5524.000 Z=43.063) RuntimeGrid:None EditorOnly:0 RuntimeOnly:0 HLODRelevant:0 FolderPath:Track/Obstacles/Explosives FolderGuid:87D97F1846F6E90E487BE59B32E441A7
 |   |   |- Guid:6BF45A794DAF371B4E67318AA310D0CC BaseClass: NativeClass:/Script/Engine.StaticMeshActor Name:StaticMeshActor_UAID_088FC30F2FD514AF01_1846424479 Label:SM_Cube17 SpatiallyLoaded:1 Bounds:IsValid=true, Min=(X=-10440.000 Y=5180.750 Z=0.000), Max=(X=-10340.000 Y=5720.000 Z=191.250) RuntimeGrid:None EditorOnly:0 RuntimeOnly:0 HLODRelevant:1 FolderPath:Track/Obstacles/Walls FolderGuid:B21EECCA4183E73204AFA788080794B0
 |   |   |- Guid:6D9496D545B3A12A399D9D9D07B3CA0E BaseClass: NativeClass:/Script/Engine.DirectionalLight Name:DirectionalLight_0 Label:DirectionalLight SpatiallyLoaded:0 Bounds:IsValid=true, Min=(X=-4398046511104.000 Y=-4398046511104.000 Z=-4398046511104.000), Max=(X=4398046511104.000 Y=4398046511104.000 Z=4398046511104.000) RuntimeGrid:None EditorOnly:0 RuntimeOnly:0 HLODRelevant:0 FolderPath:Lighting FolderGuid:963EC3EB4002CCE9759E2EBA541A873A
 |   |   |- Guid:71CCE2274AC064F526915E82746FCD9B BaseClass:/Game/MyContent/Blueprints/Obstacles/BP_IronWall.BP_IronWall_C NativeClass:/Script/Engine.Actor Name:BP_IronWall_C_UAID_088FC30F2FD57AAF01_1592909431 Label:BP_IronWall SpatiallyLoaded:1 Bounds:IsValid=true, Min=(X=-8636.000 Y=5175.000 Z=10.000), Max=(X=-8586.000 Y=5575.000 Z=835.000) RuntimeGrid:None EditorOnly:0 RuntimeOnly:0 HLODRelevant:0
 |   |   |- Guid:7F3B2C4C438258C7F5D82991D83BEC91 BaseClass:/Game/MyContent/Blueprints/BP_Camera.BP_Camera_C NativeClass:/Script/Engine.Actor Name:BP_Camera_C_UAID_088FC30F2FD5D8AE01_1774044936 Label:BP_Camera SpatiallyLoaded:1 Bounds:IsValid=true, Min=(X=-12350.922 Y=-4646.418 Z=46.752), Max=(X=-3043.640 Y=5478.926 Z=83.906) RuntimeGrid:None EditorOnly:0 RuntimeOnly:0 HLODRelevant:0
 |   |   |- Guid:806B6041478E0DFF11B95AB1B3BBD8FF BaseClass:/Game/MyContent/Blueprints/Obstacles/BP_Helicopter.BP_Helicopter_C NativeClass:/Script/Engine.Actor Name:BP_Helicopter_C_UAID_088FC30F2FD57DAF01_1884712961 Label:BP_Helicopter SpatiallyLoaded:1 Bounds:IsValid=true, Min=(X=-12729.332 Y=5270.000 Z=586.578), Max=(X=-12001.354 Y=5545.000 Z=1121.080) RuntimeGrid:None EditorOnly:0 RuntimeOnly:0 HLODRelevant:0
 |   |   |- Guid:851FAF764EF003F343381FB022895AD2 BaseClass: NativeClass:/Script/Engine.SkyAtmosphere Name:SkyAtmosphere_0 Label:SkyAtmosphere SpatiallyLoaded:0 Bounds:IsValid=true, Min=(X=0.000 Y=0.000 Z=1020.000), Max=(X=0.000 Y=0.000 Z=1020.000) RuntimeGrid:None EditorOnly:0 RuntimeOnly:0 HLODRelevant:0 FolderPath:Lighting FolderGuid:963EC3EB4002CCE9759E2EBA541A873A
 |   |   |- Guid:89A29EDD4169DE5C978A109027B12E77 BaseClass:/Game/MyContent/Blueprints/Obstacles/ChaosPlugin/BP_Anchor.BP_Anchor_C NativeClass:/Script/FieldSystemEngine.FieldSystemActor Name:BP_Anchor_C_UAID_088FC30F2FD572AF01_1414534029 Label:BP_Anchor2 SpatiallyLoaded:1 Bounds:IsValid=true, Min=(X=-6786.126 Y=4868.199 Z=17.001), Max=(X=-6626.126 Y=5028.199 Z=712.001) RuntimeGrid:None EditorOnly:0 RuntimeOnly:0 HLODRelevant:0
 |   |   |- Guid:979D8C674272692FE1FDBDA3B70CDF2A BaseClass: NativeClass:/Script/Engine.ExponentialHeightFog Name:ExponentialHeightFog_0 Label:ExponentialHeightFog SpatiallyLoaded:0 Bounds:IsValid=true, Min=(X=-5600.000 Y=-50.000 Z=-6850.000), Max=(X=-5600.000 Y=-50.000 Z=-6850.000) RuntimeGrid:None EditorOnly:0 RuntimeOnly:0 HLODRelevant:0 FolderPath:Lighting FolderGuid:963EC3EB4002CCE9759E2EBA541A873A
 |   |   |- Guid:99E3914C41A08E9A8A639D94E8A4C162 BaseClass: NativeClass:/Script/Engine.StaticMeshActor Name:StaticMeshActor_UAID_088FC30F2FD5D7AE01_1220671751 Label:SM_Cube14 SpatiallyLoaded:1 Bounds:IsValid=true, Min=(X=-3450.000 Y=-2590.000 Z=0.000), Max=(X=-2910.750 Y=-2490.000 Z=191.250) RuntimeGrid:None EditorOnly:0 RuntimeOnly:0 HLODRelevant:1 FolderPath:Track/Obstacles/Walls FolderGuid:B21EECCA4183E73204AFA788080794B0
 |   |   |- Guid:9BD46F29489E9BEF4C34F18E9ABD7028 BaseClass: NativeClass:/Script/Engine.PlayerStart Name:PlayerStart_UAID_088FC30F2FD5D6AE01_1560945572 Label:PlayerStart SpatiallyLoaded:0 Bounds:IsValid=true, Min=(X=-12330.000 Y=5410.000 Z=10.063), Max=(X=-12250.000 Y=5490.000 Z=194.063) RuntimeGrid:None EditorOnly:0 RuntimeOnly:0 HLODRelevant:0
 |   |   |- Guid:A57129C844B23178EEC151A193F5574A BaseClass:/Game/MyContent/Blueprints/Obstacles/ChaosPlugin/BP_Anchor.BP_Anchor_C NativeClass:/Script/FieldSystemEngine.FieldSystemActor Name:BP_Anchor_C_UAID_088FC30F2FD577AF01_1454105915 Label:BP_Anchor4 SpatiallyLoaded:1 Bounds:IsValid=true, Min=(X=-6776.000 Y=4881.000 Z=487.500), Max=(X=-6616.000 Y=5931.000 Z=707.500) RuntimeGrid:None EditorOnly:0 RuntimeOnly:0 HLODRelevant:0 FolderPath:Track/Obstacles FolderGuid:82B3A19343C8F530F3B4B6BEB5A48305
 |   |   |- Guid:AC9EE8CF4DB90570B5BFC6B92D36E721 BaseClass: NativeClass:/Script/Engine.StaticMeshActor Name:StaticMeshActor_UAID_088FC30F2FD5D7AE01_1526162756 Label:SM_Cube19 SpatiallyLoaded:1 Bounds:IsValid=true, Min=(X=-12578.993 Y=4918.420 Z=-40.000), Max=(X=-2578.993 Y=5918.420 Z=10.000) RuntimeGrid:None EditorOnly:0 RuntimeOnly:0 HLODRelevant:1 FolderPath:Track FolderGuid:C73F09FC4215536B1DCE2A9E0A830C70
 |   |   |- Guid:B16FC8DA404AD69D3AC6F6957934C277 BaseClass: NativeClass:/Script/Engine.StaticMeshActor Name:StaticMeshActor_UAID_088FC30F2FD5D2AE01_1844328865 Label:SM_Cube3 SpatiallyLoaded:1 Bounds:IsValid=true, Min=(X=-3190.000 Y=860.000 Z=0.000), Max=(X=-2650.750 Y=960.000 Z=191.250) RuntimeGrid:None EditorOnly:0 RuntimeOnly:0 HLODRelevant:1 FolderPath:Track/Obstacles/Walls FolderGuid:B21EECCA4183E73204AFA788080794B0
 |   |   |- Guid:BC9619F841F0F28A4081B8B2D73AA0D0 BaseClass: NativeClass:/Script/Engine.StaticMeshActor Name:StaticMeshActor_UAID_088FC30F2FD514AF01_1846428480 Label:SM_Cube18 SpatiallyLoaded:1 Bounds:IsValid=true, Min=(X=-11540.000 Y=5280.750 Z=0.000), Max=(X=-11440.000 Y=5820.000 Z=191.250) RuntimeGrid:None EditorOnly:0 RuntimeOnly:0 HLODRelevant:1 FolderPath:Track/Obstacles/Walls FolderGuid:B21EECCA4183E73204AFA788080794B0
 |   |   |- Guid:BFC5B3C44D1BA3A4C98A1D9C33D148E7 BaseClass: NativeClass:/Script/Engine.StaticMeshActor Name:StaticMeshActor_UAID_088FC30F2FD5D7AE01_1154631750 Label:SM_Cube6 SpatiallyLoaded:1 Bounds:IsValid=true, Min=(X=-3170.000 Y=2600.000 Z=0.000), Max=(X=-2630.750 Y=2700.000 Z=191.250) RuntimeGrid:None EditorOnly:0 RuntimeOnly:0 HLODRelevant:1 FolderPath:Track/Obstacles/Walls FolderGuid:B21EECCA4183E73204AFA788080794B0
 |   |   |- Guid:C548CDEF49DB4CCA207847B3833FC21A BaseClass:/Game/MyContent/Blueprints/Obstacles/ChaosPlugin/BP_Anchor.BP_Anchor_C NativeClass:/Script/FieldSystemEngine.FieldSystemActor Name:BP_Anchor_C_UAID_088FC30F2FD53EAF01_1672566874 Label:BP_Anchor SpatiallyLoaded:1 Bounds:IsValid=true, Min=(X=-6777.000 Y=4880.000 Z=-70.500), Max=(X=-6617.000 Y=5930.000 Z=149.500) RuntimeGrid:None EditorOnly:0 RuntimeOnly:0 HLODRelevant:0 FolderPath:Track/Obstacles FolderGuid:82B3A19343C8F530F3B4B6BEB5A48305
 |   |   |- Guid:CD602B0843C996B6E0B3FCAD513331B3 BaseClass:/Game/MyContent/Blueprints/BP_TriggerCameraSwitch.BP_TriggerCameraSwitch_C NativeClass:/Script/Engine.Actor Name:BP_TriggerCameraSwitch_C_UAID_088FC30F2FD5B4AF01_2027037640 Label:BP_TriggerCameraSwitch SpatiallyLoaded:1 Bounds:IsValid=true, Min=(X=-8024.108 Y=4924.675 Z=-19.512), Max=(X=-6139.892 Y=5951.325 Z=893.512) RuntimeGrid:None EditorOnly:0 RuntimeOnly:0 HLODRelevant:0
 |   |   |- Guid:E57784DD4075A8C01272DAAD62FA0296 BaseClass: NativeClass:/Script/Engine.StaticMeshActor Name:StaticMeshActor_UAID_088FC30F2FD5D7AE01_1220684753 Label:SM_Cube16 SpatiallyLoaded:1 Bounds:IsValid=true, Min=(X=-3130.000 Y=-850.000 Z=0.000), Max=(X=-2590.750 Y=-750.000 Z=191.250) RuntimeGrid:None EditorOnly:0 RuntimeOnly:0 HLODRelevant:1 FolderPath:Track/Obstacles/Walls FolderGuid:B21EECCA4183E73204AFA788080794B0
 |   |   |- Guid:E5971AD74E3FDDB38E01598598571210 BaseClass: NativeClass:/Script/Engine.StaticMeshActor Name:StaticMeshActor_UAID_088FC30F2FD5D2AE01_1611832864 Label:SM_Cube2 SpatiallyLoaded:1 Bounds:IsValid=true, Min=(X=-3580.000 Y=-5060.000 Z=-50.000), Max=(X=-2580.000 Y=4940.000 Z=0.000) RuntimeGrid:None EditorOnly:0 RuntimeOnly:0 HLODRelevant:1 FolderPath:Track FolderGuid:C73F09FC4215536B1DCE2A9E0A830C70
 |   |   |- Guid:F504D1884B20D415DD50A59157F27F01 BaseClass: NativeClass:/Script/Engine.StaticMeshActor Name:StaticMeshActor_UAID_088FC30F2FD514AF01_1862933485 Label:SM_Cube21 SpatiallyLoaded:1 Bounds:IsValid=true, Min=(X=-4540.000 Y=5190.750 Z=0.000), Max=(X=-4440.000 Y=5730.000 Z=191.250) RuntimeGrid:None EditorOnly:0 RuntimeOnly:0 HLODRelevant:1 FolderPath:Track/Obstacles/Walls FolderGuid:B21EECCA4183E73204AFA788080794B0
 |   |   |- Guid:FF8DD79E409FA1E7C6B10180205D151A BaseClass: NativeClass:/Script/Engine.VolumetricCloud Name:VolumetricCloud_0 Label:VolumetricCloud SpatiallyLoaded:0 Bounds:IsValid=true, Min=(X=0.000 Y=0.000 Z=820.000), Max=(X=0.000 Y=0.000 Z=820.000) RuntimeGrid:None EditorOnly:0 RuntimeOnly:0 HLODRelevant:0 FolderPath:Lighting FolderGuid:963EC3EB4002CCE9759E2EBA541A873A
 |   |- [+] Clusters:
 |   |   |- [+] [  0]
 |   |   |   |- Guid:554F6E564472974A358DAEBF1EAFA536 BaseClass:/Game/MyContent/Blueprints/Obstacles/ChaosPlugin/BP_Anchor.BP_Anchor_C NativeClass:/Script/FieldSystemEngine.FieldSystemActor Name:BP_Anchor_C_UAID_088FC30F2FD56FAF01_1705530495 Label:BP_Anchor2 SpatiallyLoaded:1 Bounds:IsValid=true, Min=(X=-6776.000 Y=5816.000 Z=-14.500), Max=(X=-6616.000 Y=5976.000 Z=755.500) RuntimeGrid:None EditorOnly:0 RuntimeOnly:0 HLODRelevant:0 FolderPath:Track/Obstacles FolderGuid:82B3A19343C8F530F3B4B6BEB5A48305
 |   |   |- [+] [  1]
 |   |   |   |- Guid:0ABB32B8404A285600480293352B1052 BaseClass: NativeClass:/Script/Engine.StaticMeshActor Name:StaticMeshActor_UAID_088FC30F2FD514AF01_1846431484 Label:SM_Cube8 SpatiallyLoaded:1 Bounds:IsValid=true, Min=(X=-7501.000 Y=5190.750 Z=0.000), Max=(X=-7401.000 Y=5730.000 Z=191.250) RuntimeGrid:None EditorOnly:0 RuntimeOnly:0 HLODRelevant:1 FolderPath:Track/Obstacles/Walls FolderGuid:B21EECCA4183E73204AFA788080794B0
 |   |   |- [+] [  2]
 |   |   |   |- Guid:E5971AD74E3FDDB38E01598598571210 BaseClass: NativeClass:/Script/Engine.StaticMeshActor Name:StaticMeshActor_UAID_088FC30F2FD5D2AE01_1611832864 Label:SM_Cube2 SpatiallyLoaded:1 Bounds:IsValid=true, Min=(X=-3580.000 Y=-5060.000 Z=-50.000), Max=(X=-2580.000 Y=4940.000 Z=0.000) RuntimeGrid:None EditorOnly:0 RuntimeOnly:0 HLODRelevant:1 FolderPath:Track FolderGuid:C73F09FC4215536B1DCE2A9E0A830C70
 |   |   |- [+] [  3]
 |   |   |   |- Guid:1A2E1384427C7F093E3254A1635C1064 BaseClass:/Game/MyContent/Blueprints/Obstacles/ChaosPlugin/BP_Anchor.BP_Anchor_C NativeClass:/Script/FieldSystemEngine.FieldSystemActor Name:BP_Anchor_C_UAID_088FC30F2FD56FAF01_1717582496 Label:BP_Anchor3 SpatiallyLoaded:1 Bounds:IsValid=true, Min=(X=-6775.000 Y=4882.000 Z=-14.500), Max=(X=-6615.000 Y=5042.000 Z=755.500) RuntimeGrid:None EditorOnly:0 RuntimeOnly:0 HLODRelevant:0 FolderPath:Track/Obstacles FolderGuid:82B3A19343C8F530F3B4B6BEB5A48305
 |   |   |- [+] [  4]
 |   |   |   |- Guid:1754073F44A12ADAA06843AD93A0A9FA BaseClass: NativeClass:/Script/Engine.StaticMeshActor Name:StaticMeshActor_UAID_088FC30F2FD514AF01_1862939490 Label:SM_Cube11 SpatiallyLoaded:1 Bounds:IsValid=true, Min=(X=-3179.250 Y=4140.000 Z=0.000), Max=(X=-2640.000 Y=4240.000 Z=191.250) RuntimeGrid:None EditorOnly:0 RuntimeOnly:0 HLODRelevant:1 FolderPath:Track/Obstacles/Walls FolderGuid:B21EECCA4183E73204AFA788080794B0
 |   |   |- [+] [  5]
 |   |   |   |- Guid:BFC5B3C44D1BA3A4C98A1D9C33D148E7 BaseClass: NativeClass:/Script/Engine.StaticMeshActor Name:StaticMeshActor_UAID_088FC30F2FD5D7AE01_1154631750 Label:SM_Cube6 SpatiallyLoaded:1 Bounds:IsValid=true, Min=(X=-3170.000 Y=2600.000 Z=0.000), Max=(X=-2630.750 Y=2700.000 Z=191.250) RuntimeGrid:None EditorOnly:0 RuntimeOnly:0 HLODRelevant:1 FolderPath:Track/Obstacles/Walls FolderGuid:B21EECCA4183E73204AFA788080794B0
 |   |   |- [+] [  6]
 |   |   |   |- Guid:0CB278EE4EBB31C8B94F10AD2CA773CB BaseClass:/Game/MyContent/Blueprints/Obstacles/BP_HeliPatrol.BP_HeliPatrol_C NativeClass:/Script/Engine.Actor Name:BP_HeliPatrol_C_UAID_088FC30F2FD57DAF01_1735823960 Label:BP_HeliPatrol SpatiallyLoaded:1 Bounds:IsValid=true, Min=(X=-12397.000 Y=-5024.000 Z=721.000), Max=(X=-3070.423 Y=5409.852 Z=721.000) RuntimeGrid:None EditorOnly:0 RuntimeOnly:0 HLODRelevant:0
 |   |   |- [+] [  7]
 |   |   |   |- Guid:FF8DD79E409FA1E7C6B10180205D151A BaseClass: NativeClass:/Script/Engine.VolumetricCloud Name:VolumetricCloud_0 Label:VolumetricCloud SpatiallyLoaded:0 Bounds:IsValid=true, Min=(X=0.000 Y=0.000 Z=820.000), Max=(X=0.000 Y=0.000 Z=820.000) RuntimeGrid:None EditorOnly:0 RuntimeOnly:0 HLODRelevant:0 FolderPath:Lighting FolderGuid:963EC3EB4002CCE9759E2EBA541A873A
 |   |   |- [+] [  8]
 |   |   |   |- Guid:851FAF764EF003F343381FB022895AD2 BaseClass: NativeClass:/Script/Engine.SkyAtmosphere Name:SkyAtmosphere_0 Label:SkyAtmosphere SpatiallyLoaded:0 Bounds:IsValid=true, Min=(X=0.000 Y=0.000 Z=1020.000), Max=(X=0.000 Y=0.000 Z=1020.000) RuntimeGrid:None EditorOnly:0 RuntimeOnly:0 HLODRelevant:0 FolderPath:Lighting FolderGuid:963EC3EB4002CCE9759E2EBA541A873A
 |   |   |- [+] [  9]
 |   |   |   |- Guid:BC9619F841F0F28A4081B8B2D73AA0D0 BaseClass: NativeClass:/Script/Engine.StaticMeshActor Name:StaticMeshActor_UAID_088FC30F2FD514AF01_1846428480 Label:SM_Cube18 SpatiallyLoaded:1 Bounds:IsValid=true, Min=(X=-11540.000 Y=5280.750 Z=0.000), Max=(X=-11440.000 Y=5820.000 Z=191.250) RuntimeGrid:None EditorOnly:0 RuntimeOnly:0 HLODRelevant:1 FolderPath:Track/Obstacles/Walls FolderGuid:B21EECCA4183E73204AFA788080794B0
 |   |   |- [+] [ 10]
 |   |   |   |- Guid:71CCE2274AC064F526915E82746FCD9B BaseClass:/Game/MyContent/Blueprints/Obstacles/BP_IronWall.BP_IronWall_C NativeClass:/Script/Engine.Actor Name:BP_IronWall_C_UAID_088FC30F2FD57AAF01_1592909431 Label:BP_IronWall SpatiallyLoaded:1 Bounds:IsValid=true, Min=(X=-8636.000 Y=5175.000 Z=10.000), Max=(X=-8586.000 Y=5575.000 Z=835.000) RuntimeGrid:None EditorOnly:0 RuntimeOnly:0 HLODRelevant:0
 |   |   |- [+] [ 11]
 |   |   |   |- Guid:806B6041478E0DFF11B95AB1B3BBD8FF BaseClass:/Game/MyContent/Blueprints/Obstacles/BP_Helicopter.BP_Helicopter_C NativeClass:/Script/Engine.Actor Name:BP_Helicopter_C_UAID_088FC30F2FD57DAF01_1884712961 Label:BP_Helicopter SpatiallyLoaded:1 Bounds:IsValid=true, Min=(X=-12729.332 Y=5270.000 Z=586.578), Max=(X=-12001.354 Y=5545.000 Z=1121.080) RuntimeGrid:None EditorOnly:0 RuntimeOnly:0 HLODRelevant:0
 |   |   |- [+] [ 12]
 |   |   |   |- Guid:99E3914C41A08E9A8A639D94E8A4C162 BaseClass: NativeClass:/Script/Engine.StaticMeshActor Name:StaticMeshActor_UAID_088FC30F2FD5D7AE01_1220671751 Label:SM_Cube14 SpatiallyLoaded:1 Bounds:IsValid=true, Min=(X=-3450.000 Y=-2590.000 Z=0.000), Max=(X=-2910.750 Y=-2490.000 Z=191.250) RuntimeGrid:None EditorOnly:0 RuntimeOnly:0 HLODRelevant:1 FolderPath:Track/Obstacles/Walls FolderGuid:B21EECCA4183E73204AFA788080794B0
 |   |   |- [+] [ 13]
 |   |   |   |- Guid:2DAC457143E4BCB65E6C53BE6C42FD4C BaseClass: NativeClass:/Script/Engine.StaticMeshActor Name:StaticMeshActor_UAID_088FC30F2FD514AF01_1862937488 Label:SM_Cube23 SpatiallyLoaded:1 Bounds:IsValid=true, Min=(X=-3900.000 Y=4970.750 Z=0.000), Max=(X=-3800.000 Y=5510.000 Z=191.250) RuntimeGrid:None EditorOnly:0 RuntimeOnly:0 HLODRelevant:1 FolderPath:Track/Obstacles/Walls FolderGuid:B21EECCA4183E73204AFA788080794B0
 |   |   |- [+] [ 14]
 |   |   |   |- Guid:9BD46F29489E9BEF4C34F18E9ABD7028 BaseClass: NativeClass:/Script/Engine.PlayerStart Name:PlayerStart_UAID_088FC30F2FD5D6AE01_1560945572 Label:PlayerStart SpatiallyLoaded:0 Bounds:IsValid=true, Min=(X=-12330.000 Y=5410.000 Z=10.063), Max=(X=-12250.000 Y=5490.000 Z=194.063) RuntimeGrid:None EditorOnly:0 RuntimeOnly:0 HLODRelevant:0
 |   |   |- [+] [ 15]
 |   |   |   |- Guid:65EB76DD45B01F4BE94D779ADF7531AB BaseClass:/Game/MyContent/Blueprints/Obstacles/BP_Explosive.BP_Explosive_C NativeClass:/Script/Engine.Actor Name:BP_Explosive_C_UAID_088FC30F2FD518AF01_1104182183 Label:BP_Explosive SpatiallyLoaded:1 Bounds:IsValid=true, Min=(X=-9247.000 Y=5324.000 Z=-56.937), Max=(X=-9047.000 Y=5524.000 Z=43.063) RuntimeGrid:None EditorOnly:0 RuntimeOnly:0 HLODRelevant:0 FolderPath:Track/Obstacles/Explosives FolderGuid:87D97F1846F6E90E487BE59B32E441A7
 |   |   |- [+] [ 16]
 |   |   |   |- Guid:7F3B2C4C438258C7F5D82991D83BEC91 BaseClass:/Game/MyContent/Blueprints/BP_Camera.BP_Camera_C NativeClass:/Script/Engine.Actor Name:BP_Camera_C_UAID_088FC30F2FD5D8AE01_1774044936 Label:BP_Camera SpatiallyLoaded:1 Bounds:IsValid=true, Min=(X=-12350.922 Y=-4646.418 Z=46.752), Max=(X=-3043.640 Y=5478.926 Z=83.906) RuntimeGrid:None EditorOnly:0 RuntimeOnly:0 HLODRelevant:0
 |   |   |- [+] [ 17]
 |   |   |   |- Guid:6D9496D545B3A12A399D9D9D07B3CA0E BaseClass: NativeClass:/Script/Engine.DirectionalLight Name:DirectionalLight_0 Label:DirectionalLight SpatiallyLoaded:0 Bounds:IsValid=true, Min=(X=-4398046511104.000 Y=-4398046511104.000 Z=-4398046511104.000), Max=(X=4398046511104.000 Y=4398046511104.000 Z=4398046511104.000) RuntimeGrid:None EditorOnly:0 RuntimeOnly:0 HLODRelevant:0 FolderPath:Lighting FolderGuid:963EC3EB4002CCE9759E2EBA541A873A
 |   |   |- [+] [ 18]
 |   |   |   |- Guid:370400364FD2AC7E16669CB20C1335C3 BaseClass: NativeClass:/Script/Engine.StaticMeshActor Name:StaticMeshActor_UAID_088FC30F2FD5D7AE01_1220673752 Label:SM_Cube15 SpatiallyLoaded:1 Bounds:IsValid=true, Min=(X=-3350.000 Y=-1490.000 Z=0.000), Max=(X=-2810.750 Y=-1390.000 Z=191.250) RuntimeGrid:None EditorOnly:0 RuntimeOnly:0 HLODRelevant:1 FolderPath:Track/Obstacles/Walls FolderGuid:B21EECCA4183E73204AFA788080794B0
 |   |   |- [+] [ 19]
 |   |   |   |- Guid:979D8C674272692FE1FDBDA3B70CDF2A BaseClass: NativeClass:/Script/Engine.ExponentialHeightFog Name:ExponentialHeightFog_0 Label:ExponentialHeightFog SpatiallyLoaded:0 Bounds:IsValid=true, Min=(X=-5600.000 Y=-50.000 Z=-6850.000), Max=(X=-5600.000 Y=-50.000 Z=-6850.000) RuntimeGrid:None EditorOnly:0 RuntimeOnly:0 HLODRelevant:0 FolderPath:Lighting FolderGuid:963EC3EB4002CCE9759E2EBA541A873A
 |   |   |- [+] [ 20]
 |   |   |   |- Guid:4227B9B4415BCA7DF3D1C6B154331FD0 BaseClass: NativeClass:/Script/Engine.StaticMeshActor Name:StaticMeshActor_UAID_088FC30F2FD514AF01_1862936486 Label:SM_Cube22 SpatiallyLoaded:1 Bounds:IsValid=true, Min=(X=-5640.000 Y=5290.750 Z=0.000), Max=(X=-5540.000 Y=5830.000 Z=191.250) RuntimeGrid:None EditorOnly:0 RuntimeOnly:0 HLODRelevant:1 FolderPath:Track/Obstacles/Walls FolderGuid:B21EECCA4183E73204AFA788080794B0
 |   |   |- [+] [ 21]
 |   |   |   |- Guid:F504D1884B20D415DD50A59157F27F01 BaseClass: NativeClass:/Script/Engine.StaticMeshActor Name:StaticMeshActor_UAID_088FC30F2FD514AF01_1862933485 Label:SM_Cube21 SpatiallyLoaded:1 Bounds:IsValid=true, Min=(X=-4540.000 Y=5190.750 Z=0.000), Max=(X=-4440.000 Y=5730.000 Z=191.250) RuntimeGrid:None EditorOnly:0 RuntimeOnly:0 HLODRelevant:1 FolderPath:Track/Obstacles/Walls FolderGuid:B21EECCA4183E73204AFA788080794B0
 |   |   |- [+] [ 22]
 |   |   |   |- Guid:AC9EE8CF4DB90570B5BFC6B92D36E721 BaseClass: NativeClass:/Script/Engine.StaticMeshActor Name:StaticMeshActor_UAID_088FC30F2FD5D7AE01_1526162756 Label:SM_Cube19 SpatiallyLoaded:1 Bounds:IsValid=true, Min=(X=-12578.993 Y=4918.420 Z=-40.000), Max=(X=-2578.993 Y=5918.420 Z=10.000) RuntimeGrid:None EditorOnly:0 RuntimeOnly:0 HLODRelevant:1 FolderPath:Track FolderGuid:C73F09FC4215536B1DCE2A9E0A830C70
 |   |   |- [+] [ 23]
 |   |   |   |- Guid:1193ABCD48D3E32F70CB4EABEC350902 BaseClass: NativeClass:/Script/Engine.StaticMeshActor Name:StaticMeshActor_UAID_088FC30F2FD514AF01_1846429482 Label:SM_Cube20 SpatiallyLoaded:1 Bounds:IsValid=true, Min=(X=-9800.000 Y=4960.750 Z=0.000), Max=(X=-9700.000 Y=5500.000 Z=191.250) RuntimeGrid:None EditorOnly:0 RuntimeOnly:0 HLODRelevant:1 FolderPath:Track/Obstacles/Walls FolderGuid:B21EECCA4183E73204AFA788080794B0
 |   |   |- [+] [ 24]
 |   |   |   |- Guid:1A75EB5B4FA66AC27D084C8728CEE5B0 BaseClass:/Game/MyContent/Blueprints/Obstacles/BP_ChaosWall.BP_ChaosWall_C NativeClass:/Script/Engine.Actor Name:BP_ChaosWall_C_UAID_088FC30F2FD571AF01_2086659850 Label:BP_ChaosWall SpatiallyLoaded:1 Bounds:IsValid=true, Min=(X=-6748.000 Y=4944.000 Z=10.000), Max=(X=-6648.000 Y=5919.000 Z=610.000) RuntimeGrid:None EditorOnly:0 RuntimeOnly:0 HLODRelevant:0 FolderPath:Track/Obstacles FolderGuid:82B3A19343C8F530F3B4B6BEB5A48305
 |   |   |   |- Guid:C548CDEF49DB4CCA207847B3833FC21A BaseClass:/Game/MyContent/Blueprints/Obstacles/ChaosPlugin/BP_Anchor.BP_Anchor_C NativeClass:/Script/FieldSystemEngine.FieldSystemActor Name:BP_Anchor_C_UAID_088FC30F2FD53EAF01_1672566874 Label:BP_Anchor SpatiallyLoaded:1 Bounds:IsValid=true, Min=(X=-6777.000 Y=4880.000 Z=-70.500), Max=(X=-6617.000 Y=5930.000 Z=149.500) RuntimeGrid:None EditorOnly:0 RuntimeOnly:0 HLODRelevant:0 FolderPath:Track/Obstacles FolderGuid:82B3A19343C8F530F3B4B6BEB5A48305
 |   |   |   |- Guid:3E7CF2AC482AD2190A9FF68938C8B2B6 BaseClass:/Game/MyContent/Blueprints/Obstacles/ChaosPlugin/BP_Anchor.BP_Anchor_C NativeClass:/Script/FieldSystemEngine.FieldSystemActor Name:BP_Anchor_C_UAID_088FC30F2FD572AF01_1447369030 Label:BP_Anchor3 SpatiallyLoaded:1 Bounds:IsValid=true, Min=(X=-6785.126 Y=5822.199 Z=17.001), Max=(X=-6625.126 Y=5982.199 Z=712.001) RuntimeGrid:None EditorOnly:0 RuntimeOnly:0 HLODRelevant:0
 |   |   |   |- Guid:89A29EDD4169DE5C978A109027B12E77 BaseClass:/Game/MyContent/Blueprints/Obstacles/ChaosPlugin/BP_Anchor.BP_Anchor_C NativeClass:/Script/FieldSystemEngine.FieldSystemActor Name:BP_Anchor_C_UAID_088FC30F2FD572AF01_1414534029 Label:BP_Anchor2 SpatiallyLoaded:1 Bounds:IsValid=true, Min=(X=-6786.126 Y=4868.199 Z=17.001), Max=(X=-6626.126 Y=5028.199 Z=712.001) RuntimeGrid:None EditorOnly:0 RuntimeOnly:0 HLODRelevant:0
 |   |   |   |- Guid:A57129C844B23178EEC151A193F5574A BaseClass:/Game/MyContent/Blueprints/Obstacles/ChaosPlugin/BP_Anchor.BP_Anchor_C NativeClass:/Script/FieldSystemEngine.FieldSystemActor Name:BP_Anchor_C_UAID_088FC30F2FD577AF01_1454105915 Label:BP_Anchor4 SpatiallyLoaded:1 Bounds:IsValid=true, Min=(X=-6776.000 Y=4881.000 Z=487.500), Max=(X=-6616.000 Y=5931.000 Z=707.500) RuntimeGrid:None EditorOnly:0 RuntimeOnly:0 HLODRelevant:0 FolderPath:Track/Obstacles FolderGuid:82B3A19343C8F530F3B4B6BEB5A48305
 |   |   |- [+] [ 25]
 |   |   |   |- Guid:030F13F34539762E96A1EF8C5CDD6100 BaseClass: NativeClass:/Script/Engine.StaticMeshActor Name:StaticMeshActor_UAID_088FC30F2FD5D7AE01_1150231749 Label:SM_Cube5 SpatiallyLoaded:1 Bounds:IsValid=true, Min=(X=-3360.000 Y=1960.000 Z=0.000), Max=(X=-2820.750 Y=2060.000 Z=191.250) RuntimeGrid:None EditorOnly:0 RuntimeOnly:0 HLODRelevant:1 FolderPath:Track/Obstacles/Walls FolderGuid:B21EECCA4183E73204AFA788080794B0
 |   |   |- [+] [ 26]
 |   |   |   |- Guid:6245500644D6C9E14EB86C955604B8D6 BaseClass:/Game/MyContent/Blueprints/BP_WallCamera.BP_WallCamera_C NativeClass:/Script/Engine.Actor Name:BP_WallCamera_C_UAID_088FC30F2FD5B6AF01_1583327993 Label:BP_WallCamera SpatiallyLoaded:1 Bounds:IsValid=true, Min=(X=-6704.000 Y=6750.000 Z=793.000), Max=(X=-6704.000 Y=6750.000 Z=793.000) RuntimeGrid:None EditorOnly:0 RuntimeOnly:0 HLODRelevant:0
 |   |   |- [+] [ 27]
 |   |   |   |- Guid:B16FC8DA404AD69D3AC6F6957934C277 BaseClass: NativeClass:/Script/Engine.StaticMeshActor Name:StaticMeshActor_UAID_088FC30F2FD5D2AE01_1844328865 Label:SM_Cube3 SpatiallyLoaded:1 Bounds:IsValid=true, Min=(X=-3190.000 Y=860.000 Z=0.000), Max=(X=-2650.750 Y=960.000 Z=191.250) RuntimeGrid:None EditorOnly:0 RuntimeOnly:0 HLODRelevant:1 FolderPath:Track/Obstacles/Walls FolderGuid:B21EECCA4183E73204AFA788080794B0
 |   |   |- [+] [ 28]
 |   |   |   |- Guid:29F727414E4718BD6A2054A9AEC2390E BaseClass: NativeClass:/Script/Engine.PostProcessVolume Name:PostProcessVolume_0 Label:PostProcessVolume SpatiallyLoaded:0 Bounds:IsValid=true, Min=(X=0.000 Y=0.000 Z=400.000), Max=(X=200.000 Y=200.000 Z=600.000) RuntimeGrid:None EditorOnly:0 RuntimeOnly:0 HLODRelevant:0 FolderPath:Lighting FolderGuid:963EC3EB4002CCE9759E2EBA541A873A
 |   |   |- [+] [ 29]
 |   |   |   |- Guid:589DC0304A6C9858934FD59696D73BBD BaseClass: NativeClass:/Script/Engine.SkyLight Name:SkyLight_1 Label:SkyLight SpatiallyLoaded:0 Bounds:IsValid=true, Min=(X=0.000 Y=0.000 Z=690.000), Max=(X=0.000 Y=0.000 Z=690.000) RuntimeGrid:None EditorOnly:0 RuntimeOnly:0 HLODRelevant:0 FolderPath:Lighting FolderGuid:963EC3EB4002CCE9759E2EBA541A873A
 |   |   |- [+] [ 30]
 |   |   |   |- Guid:CD602B0843C996B6E0B3FCAD513331B3 BaseClass:/Game/MyContent/Blueprints/BP_TriggerCameraSwitch.BP_TriggerCameraSwitch_C NativeClass:/Script/Engine.Actor Name:BP_TriggerCameraSwitch_C_UAID_088FC30F2FD5B4AF01_2027037640 Label:BP_TriggerCameraSwitch SpatiallyLoaded:1 Bounds:IsValid=true, Min=(X=-8024.108 Y=4924.675 Z=-19.512), Max=(X=-6139.892 Y=5951.325 Z=893.512) RuntimeGrid:None EditorOnly:0 RuntimeOnly:0 HLODRelevant:0
 |   |   |- [+] [ 31]
 |   |   |   |- Guid:6BF45A794DAF371B4E67318AA310D0CC BaseClass: NativeClass:/Script/Engine.StaticMeshActor Name:StaticMeshActor_UAID_088FC30F2FD514AF01_1846424479 Label:SM_Cube17 SpatiallyLoaded:1 Bounds:IsValid=true, Min=(X=-10440.000 Y=5180.750 Z=0.000), Max=(X=-10340.000 Y=5720.000 Z=191.250) RuntimeGrid:None EditorOnly:0 RuntimeOnly:0 HLODRelevant:1 FolderPath:Track/Obstacles/Walls FolderGuid:B21EECCA4183E73204AFA788080794B0
 |   |   |- [+] [ 32]
 |   |   |   |- Guid:40A54A624F0F60FA8ACAF39F690ADE98 BaseClass: NativeClass:/Script/Engine.WorldDataLayers Name:WorldDataLayers Label:WorldDataLayers SpatiallyLoaded:0 Bounds:IsValid=true, Min=(X=0.000 Y=0.000 Z=0.000), Max=(X=0.000 Y=0.000 Z=0.000) RuntimeGrid:None EditorOnly:0 RuntimeOnly:0 HLODRelevant:0
 |   |   |- [+] [ 33]
 |   |   |   |- Guid:E57784DD4075A8C01272DAAD62FA0296 BaseClass: NativeClass:/Script/Engine.StaticMeshActor Name:StaticMeshActor_UAID_088FC30F2FD5D7AE01_1220684753 Label:SM_Cube16 SpatiallyLoaded:1 Bounds:IsValid=true, Min=(X=-3130.000 Y=-850.000 Z=0.000), Max=(X=-2590.750 Y=-750.000 Z=191.250) RuntimeGrid:None EditorOnly:0 RuntimeOnly:0 HLODRelevant:1 FolderPath:Track/Obstacles/Walls FolderGuid:B21EECCA4183E73204AFA788080794B0
 |   |   |- [+] [ 34]
 |   |   |   |- Guid:1E337F0F46A70E6DF050A1857454E3D0 BaseClass: NativeClass:/Script/Engine.StaticMeshActor Name:StaticMeshActor_UAID_088FC30F2FD514AF01_1862938489 Label:SM_Cube10 SpatiallyLoaded:1 Bounds:IsValid=true, Min=(X=-3369.250 Y=3500.000 Z=0.000), Max=(X=-2830.000 Y=3600.000 Z=191.250) RuntimeGrid:None EditorOnly:0 RuntimeOnly:0 HLODRelevant:1 FolderPath:Track/Obstacles/Walls FolderGuid:B21EECCA4183E73204AFA788080794B0
 |- ContainerInstances:
 |- [+] MainContainer:
 |   |-        ID: 0x0000000000000000
 |   |-    Bounds: IsValid=false, Min=(X=0.000 Y=0.000 Z=0.000), Max=(X=0.000 Y=0.000 Z=0.000)
 |   |- Transform: 0.000000,0.000000,0.000000|0.000000,0.000000,-0.000000|1.000000,1.000000,1.000000
 |   |- Container: /Game/MyContent/Levels/UI_Scene
----------------------------------------------------------------------------------------------------------------
UI_Scene - Persistent Level
----------------------------------------------------------------------------------------------------------------
Always loaded Actor Count: 46 

----------------------------------------------------------------------------------------------------------------
UI_Scene - Runtime Spatial Hash - Streaming Grid - MainGrid
----------------------------------------------------------------------------------------------------------------
            Origin: X=0.000 Y=0.000 Z=0.000
         Cell Size: 12800
      World Bounds: IsValid=false, Min=(X=0.000 Y=0.000 Z=0.000), Max=(X=0.000 Y=0.000 Z=0.000)
     Loading Range: 25600.00
Block Slow Loading: No
 ClientOnlyVisible: No

[+] Grid Levels: 1
 |- Level  0: Cell Count    0 | Cell Size   12800 | Actor Count    0 (0.0%)

[+] Content of Grid Level 0

