[+] Containers:
 |- [+] Container: /Game/MyContent/Levels/L_Paolo
 |   |- [+] ActorDescs:
 |   |   |- Guid:0251BBB44DBECD6B6266B58C1C58B73D BaseClass: NativeClass:/Script/Engine.StaticMeshActor Name:StaticMeshActor_UAID_088FC30F2FD514AF01_1862938489 Label:SM_Cube10 SpatiallyLoaded:1 Bounds:IsValid=true, Min=(X=-3369.250 Y=3500.000 Z=0.000), Max=(X=-2830.000 Y=3600.000 Z=191.250) RuntimeGrid:None EditorOnly:0 RuntimeOnly:0 HLODRelevant:1 FolderPath:Track/Obstacles/Walls FolderGuid:B21EECCA4183E73204AFA788080794B0
 |   |   |- Guid:0905F5C3409D617C1459E3BE52C56A8D BaseClass: NativeClass:/Script/Engine.PostProcessVolume Name:PostProcessVolume_0 Label:PostProcessVolume SpatiallyLoaded:0 Bounds:IsValid=true, Min=(X=0.000 Y=0.000 Z=400.000), Max=(X=200.000 Y=200.000 Z=600.000) RuntimeGrid:None EditorOnly:0 RuntimeOnly:0 HLODRelevant:0 FolderPath:Lighting FolderGuid:963EC3EB4002CCE9759E2EBA541A873A
 |   |   |- Guid:0F57A85449936CF141CA23AD098CEF17 BaseClass:/Game/MyContent/Blueprints/Obstacles/BP_Explosive.BP_Explosive_C NativeClass:/Script/Engine.Actor Name:BP_Explosive_C_UAID_088FC30F2FD518AF01_1104182183 Label:BP_Explosive SpatiallyLoaded:1 Bounds:IsValid=true, Min=(X=-9247.000 Y=5324.000 Z=-56.937), Max=(X=-9047.000 Y=5524.000 Z=43.063) RuntimeGrid:None EditorOnly:0 RuntimeOnly:0 HLODRelevant:0 FolderPath:Track/Obstacles/Explosives FolderGuid:87D97F1846F6E90E487BE59B32E441A7
 |   |   |- Guid:1374516E4A14E130F874E099B61685EB BaseClass: NativeClass:/Script/Engine.StaticMeshActor Name:StaticMeshActor_UAID_A4AE111137DC5EFB00_1110535423 Label:SM_SkySphere SpatiallyLoaded:0 Bounds:IsValid=true, Min=(X=-1646750.020 Y=-1635250.020 Z=-1638400.000), Max=(X=1630050.020 Y=1641550.020 Z=1638400.000) RuntimeGrid:None EditorOnly:0 RuntimeOnly:0 HLODRelevant:1 FolderPath:Lighting FolderGuid:963EC3EB4002CCE9759E2EBA541A873A
 |   |   |- Guid:1D83C0684D551BD35E1E50B41B5AC999 BaseClass: NativeClass:/Script/Engine.StaticMeshActor Name:StaticMeshActor_UAID_48E7DA42DC6BB5AF01_1957268828 Label:PianoConBuco1 SpatiallyLoaded:1 Bounds:IsValid=true, Min=(X=-9408.000 Y=6379.000 Z=-519.365), Max=(X=-8408.000 Y=7379.000 Z=68.000) RuntimeGrid:None EditorOnly:0 RuntimeOnly:0 HLODRelevant:1
 |   |   |- Guid:1DC2680F4F110C3E5945B2BB81F72604 BaseClass:/Game/MyContent/Blueprints/Obstacles/ChaosPlugin/BP_Anchor.BP_Anchor_C NativeClass:/Script/FieldSystemEngine.FieldSystemActor Name:BP_Anchor_C_UAID_088FC30F2FD56FAF01_1705530495 Label:BP_Anchor2 SpatiallyLoaded:1 Bounds:IsValid=true, Min=(X=-6776.000 Y=5816.000 Z=-14.500), Max=(X=-6616.000 Y=5976.000 Z=755.500) RuntimeGrid:None EditorOnly:0 RuntimeOnly:0 HLODRelevant:0 FolderPath:Track/Obstacles FolderGuid:82B3A19343C8F530F3B4B6BEB5A48305
 |   |   |- Guid:1FDA7E6B404373235FE2A094CCCC08CE BaseClass: NativeClass:/Script/Engine.StaticMeshActor Name:StaticMeshActor_UAID_48E7DA42DC6BB5AF01_1952558827 Label:PianoConBuco2 SpatiallyLoaded:1 Bounds:IsValid=true, Min=(X=-10491.000 Y=6343.000 Z=-510.522), Max=(X=-9491.000 Y=7343.000 Z=68.000) RuntimeGrid:None EditorOnly:0 RuntimeOnly:0 HLODRelevant:1
 |   |   |- Guid:201B0998452645FBAC74039CD11BFA3C BaseClass: NativeClass:/Script/Engine.StaticMeshActor Name:StaticMeshActor_UAID_48E7DA42DC6BB4AF01_1303606641 Label:Alpha SpatiallyLoaded:1 Bounds:IsValid=true, Min=(X=-12239.842 Y=5068.158 Z=12.376), Max=(X=-11412.158 Y=5895.842 Z=12.376) RuntimeGrid:None EditorOnly:0 RuntimeOnly:0 HLODRelevant:1
 |   |   |- Guid:21D739054C8C9D035EE569A41B883D01 BaseClass: NativeClass:/Script/Engine.StaticMeshActor Name:StaticMeshActor_UAID_088FC30F2FD5D2AE01_1844328865 Label:SM_Cube3 SpatiallyLoaded:1 Bounds:IsValid=true, Min=(X=-3190.000 Y=860.000 Z=0.000), Max=(X=-2650.750 Y=960.000 Z=191.250) RuntimeGrid:None EditorOnly:0 RuntimeOnly:0 HLODRelevant:1 FolderPath:Track/Obstacles/Walls FolderGuid:B21EECCA4183E73204AFA788080794B0
 |   |   |- Guid:2929ED1A4747673A86AA22BCB5D08349 BaseClass:/Game/MyContent/Blueprints/Obstacles/ChaosPlugin/BP_Anchor.BP_Anchor_C NativeClass:/Script/FieldSystemEngine.FieldSystemActor Name:BP_Anchor_C_UAID_088FC30F2FD572AF01_1447369030 Label:BP_Anchor3 SpatiallyLoaded:1 Bounds:IsValid=true, Min=(X=-6785.126 Y=5822.199 Z=17.001), Max=(X=-6625.126 Y=5982.199 Z=712.001) RuntimeGrid:None EditorOnly:0 RuntimeOnly:0 HLODRelevant:0
 |   |   |- Guid:2B2E72844679013F384ED6B031E57B93 BaseClass: NativeClass:/Script/Engine.StaticMeshActor Name:StaticMeshActor_UAID_088FC30F2FD5D7AE01_1154631750 Label:SM_Cube6 SpatiallyLoaded:1 Bounds:IsValid=true, Min=(X=-3170.000 Y=2600.000 Z=0.000), Max=(X=-2630.750 Y=2700.000 Z=191.250) RuntimeGrid:None EditorOnly:0 RuntimeOnly:0 HLODRelevant:1 FolderPath:Track/Obstacles/Walls FolderGuid:B21EECCA4183E73204AFA788080794B0
 |   |   |- Guid:35808DAE4CBAB5EF4AF6F599DEFC9EE9 BaseClass: NativeClass:/Script/Engine.StaticMeshActor Name:StaticMeshActor_UAID_48E7DA42DC6BB6AF01_1473206006 Label:PianoSenzaBuco2 SpatiallyLoaded:1 Bounds:IsValid=true, Min=(X=-12669.000 Y=4894.000 Z=-566.225), Max=(X=-11669.000 Y=5894.000 Z=9.000) RuntimeGrid:None EditorOnly:0 RuntimeOnly:0 HLODRelevant:1
 |   |   |- Guid:395D7DC346506768C1F4348CCEC513EA BaseClass:/Game/MyContent/Blueprints/Obstacles/ChaosPlugin/BP_Anchor.BP_Anchor_C NativeClass:/Script/FieldSystemEngine.FieldSystemActor Name:BP_Anchor_C_UAID_088FC30F2FD56FAF01_1717582496 Label:BP_Anchor3 SpatiallyLoaded:1 Bounds:IsValid=true, Min=(X=-6775.000 Y=4882.000 Z=-14.500), Max=(X=-6615.000 Y=5042.000 Z=755.500) RuntimeGrid:None EditorOnly:0 RuntimeOnly:0 HLODRelevant:0 FolderPath:Track/Obstacles FolderGuid:82B3A19343C8F530F3B4B6BEB5A48305
 |   |   |- Guid:413BA84145E876DD83EC1B85F3155B23 BaseClass: NativeClass:/Script/Engine.ExponentialHeightFog Name:ExponentialHeightFog_0 Label:ExponentialHeightFog SpatiallyLoaded:0 Bounds:IsValid=true, Min=(X=-5600.000 Y=-50.000 Z=-6850.000), Max=(X=-5600.000 Y=-50.000 Z=-6850.000) RuntimeGrid:None EditorOnly:0 RuntimeOnly:0 HLODRelevant:0 FolderPath:Lighting FolderGuid:963EC3EB4002CCE9759E2EBA541A873A
 |   |   |- Guid:440D56BD419422172743B1B479D4ADDC BaseClass: NativeClass:/Script/Engine.DirectionalLight Name:DirectionalLight_0 Label:DirectionalLight SpatiallyLoaded:0 Bounds:IsValid=true, Min=(X=-4398046511104.000 Y=-4398046511104.000 Z=-4398046511104.000), Max=(X=4398046511104.000 Y=4398046511104.000 Z=4398046511104.000) RuntimeGrid:None EditorOnly:0 RuntimeOnly:0 HLODRelevant:0 FolderPath:Lighting FolderGuid:963EC3EB4002CCE9759E2EBA541A873A
 |   |   |- Guid:46C68BE747AE81C17910E1B7C2B610BD BaseClass:/Game/MyContent/Blueprints/Obstacles/BP_ChaosWall.BP_ChaosWall_C NativeClass:/Script/Engine.Actor Name:BP_ChaosWall_C_UAID_088FC30F2FD571AF01_2086659850 Label:BP_ChaosWall SpatiallyLoaded:1 Bounds:IsValid=true, Min=(X=-6748.000 Y=4944.000 Z=10.000), Max=(X=-6648.000 Y=5919.000 Z=610.000) RuntimeGrid:None EditorOnly:0 RuntimeOnly:0 HLODRelevant:0 FolderPath:Track/Obstacles FolderGuid:82B3A19343C8F530F3B4B6BEB5A48305
 |   |   |- Guid:47E00E184A16C53016F89F8F26AF8284 BaseClass: NativeClass:/Script/Engine.StaticMeshActor Name:StaticMeshActor_UAID_088FC30F2FD5D7AE01_1220684753 Label:SM_Cube16 SpatiallyLoaded:1 Bounds:IsValid=true, Min=(X=-3130.000 Y=-850.000 Z=0.000), Max=(X=-2590.750 Y=-750.000 Z=191.250) RuntimeGrid:None EditorOnly:0 RuntimeOnly:0 HLODRelevant:1 FolderPath:Track/Obstacles/Walls FolderGuid:B21EECCA4183E73204AFA788080794B0
 |   |   |- Guid:48E21D284E42105D1C1934B6B5B18009 BaseClass:/Game/MyContent/Blueprints/Obstacles/ChaosPlugin/BP_Anchor.BP_Anchor_C NativeClass:/Script/FieldSystemEngine.FieldSystemActor Name:BP_Anchor_C_UAID_088FC30F2FD572AF01_1414534029 Label:BP_Anchor2 SpatiallyLoaded:1 Bounds:IsValid=true, Min=(X=-6786.126 Y=4868.199 Z=17.001), Max=(X=-6626.126 Y=5028.199 Z=712.001) RuntimeGrid:None EditorOnly:0 RuntimeOnly:0 HLODRelevant:0
 |   |   |- Guid:4F9BE57740A491FBF713948071F960AB BaseClass: NativeClass:/Script/Engine.StaticMeshActor Name:StaticMeshActor_UAID_48E7DA42DC6BB5AF01_1940863826 Label:PianoConBucoCentrale SpatiallyLoaded:1 Bounds:IsValid=true, Min=(X=-11576.000 Y=6452.000 Z=-458.080), Max=(X=-10576.000 Y=7452.000 Z=121.000) RuntimeGrid:None EditorOnly:0 RuntimeOnly:0 HLODRelevant:1
 |   |   |- Guid:56B5597B44ECDDC46E34BEB170AE413D BaseClass: NativeClass:/Script/Engine.StaticMeshActor Name:StaticMeshActor_UAID_088FC30F2FD5D7AE01_1220671751 Label:SM_Cube14 SpatiallyLoaded:1 Bounds:IsValid=true, Min=(X=-3450.000 Y=-2590.000 Z=0.000), Max=(X=-2910.750 Y=-2490.000 Z=191.250) RuntimeGrid:None EditorOnly:0 RuntimeOnly:0 HLODRelevant:1 FolderPath:Track/Obstacles/Walls FolderGuid:B21EECCA4183E73204AFA788080794B0
 |   |   |- Guid:5900B42849C8E5601F2CA0B0DD670DAC BaseClass: NativeClass:/Script/Engine.StaticMeshActor Name:StaticMeshActor_UAID_088FC30F2FD514AF01_1862933485 Label:SM_Cube21 SpatiallyLoaded:1 Bounds:IsValid=true, Min=(X=-4540.000 Y=5190.750 Z=0.000), Max=(X=-4440.000 Y=5730.000 Z=191.250) RuntimeGrid:None EditorOnly:0 RuntimeOnly:0 HLODRelevant:1 FolderPath:Track/Obstacles/Walls FolderGuid:B21EECCA4183E73204AFA788080794B0
 |   |   |- Guid:5BB069B747CCDB15CCFBD688CF6C9858 BaseClass: NativeClass:/Script/Engine.StaticMeshActor Name:StaticMeshActor_UAID_088FC30F2FD514AF01_1846424479 Label:SM_Cube17 SpatiallyLoaded:1 Bounds:IsValid=true, Min=(X=-10440.000 Y=5180.750 Z=0.000), Max=(X=-10340.000 Y=5720.000 Z=191.250) RuntimeGrid:None EditorOnly:0 RuntimeOnly:0 HLODRelevant:1 FolderPath:Track/Obstacles/Walls FolderGuid:B21EECCA4183E73204AFA788080794B0
 |   |   |- Guid:5BE2B75C45372E5D1334E9BFE3F6F41D BaseClass:/Game/MyContent/Blueprints/Obstacles/ChaosPlugin/BP_Anchor.BP_Anchor_C NativeClass:/Script/FieldSystemEngine.FieldSystemActor Name:BP_Anchor_C_UAID_088FC30F2FD53EAF01_1672566874 Label:BP_Anchor SpatiallyLoaded:1 Bounds:IsValid=true, Min=(X=-6777.000 Y=4880.000 Z=-70.500), Max=(X=-6617.000 Y=5930.000 Z=149.500) RuntimeGrid:None EditorOnly:0 RuntimeOnly:0 HLODRelevant:0 FolderPath:Track/Obstacles FolderGuid:82B3A19343C8F530F3B4B6BEB5A48305
 |   |   |- Guid:62F788D5413B979EFCF1D8805CEA5569 BaseClass: NativeClass:/Script/Engine.StaticMeshActor Name:StaticMeshActor_UAID_088FC30F2FD514AF01_1862936486 Label:SM_Cube22 SpatiallyLoaded:1 Bounds:IsValid=true, Min=(X=-5640.000 Y=5290.750 Z=0.000), Max=(X=-5540.000 Y=5830.000 Z=191.250) RuntimeGrid:None EditorOnly:0 RuntimeOnly:0 HLODRelevant:1 FolderPath:Track/Obstacles/Walls FolderGuid:B21EECCA4183E73204AFA788080794B0
 |   |   |- Guid:645C6D314F9DB5F837DA6C8F6559BF6E BaseClass: NativeClass:/Script/Engine.StaticMeshActor Name:StaticMeshActor_UAID_48E7DA42DC6BB5AF01_1749891822 Label:PianoSenzaBuco SpatiallyLoaded:1 Bounds:IsValid=true, Min=(X=-12734.000 Y=6422.000 Z=-563.225), Max=(X=-11734.000 Y=7422.000 Z=12.000) RuntimeGrid:None EditorOnly:0 RuntimeOnly:0 HLODRelevant:1
 |   |   |- Guid:6CD45A8C442D00179B3D5897661FD7D9 BaseClass:/Game/MyContent/Blueprints/Obstacles/BP_HeliPatrol.BP_HeliPatrol_C NativeClass:/Script/Engine.Actor Name:BP_HeliPatrol_C_UAID_088FC30F2FD57DAF01_1735823960 Label:BP_HeliPatrol SpatiallyLoaded:1 Bounds:IsValid=true, Min=(X=-12397.000 Y=-5024.000 Z=721.000), Max=(X=-3070.423 Y=5409.852 Z=721.000) RuntimeGrid:None EditorOnly:0 RuntimeOnly:0 HLODRelevant:0
 |   |   |- Guid:86EBCC02416E8119B3285186A8B75D23 BaseClass:/Game/MyContent/Blueprints/Obstacles/ChaosPlugin/BP_Anchor.BP_Anchor_C NativeClass:/Script/FieldSystemEngine.FieldSystemActor Name:BP_Anchor_C_UAID_088FC30F2FD577AF01_1454105915 Label:BP_Anchor4 SpatiallyLoaded:1 Bounds:IsValid=true, Min=(X=-6776.000 Y=4881.000 Z=487.500), Max=(X=-6616.000 Y=5931.000 Z=707.500) RuntimeGrid:None EditorOnly:0 RuntimeOnly:0 HLODRelevant:0 FolderPath:Track/Obstacles FolderGuid:82B3A19343C8F530F3B4B6BEB5A48305
 |   |   |- Guid:8EE086E44CFEBCAD7CAF0CB1A19EF0B4 BaseClass: NativeClass:/Script/Engine.WorldDataLayers Name:WorldDataLayers Label:WorldDataLayers SpatiallyLoaded:0 Bounds:IsValid=true, Min=(X=0.000 Y=0.000 Z=0.000), Max=(X=0.000 Y=0.000 Z=0.000) RuntimeGrid:None EditorOnly:0 RuntimeOnly:0 HLODRelevant:0
 |   |   |- Guid:8FD37B8C4E82C7EFAF19C9BF6343C118 BaseClass: NativeClass:/Script/Engine.StaticMeshActor Name:StaticMeshActor_UAID_088FC30F2FD5D7AE01_1150231749 Label:SM_Cube5 SpatiallyLoaded:1 Bounds:IsValid=true, Min=(X=-3360.000 Y=1960.000 Z=0.000), Max=(X=-2820.750 Y=2060.000 Z=191.250) RuntimeGrid:None EditorOnly:0 RuntimeOnly:0 HLODRelevant:1 FolderPath:Track/Obstacles/Walls FolderGuid:B21EECCA4183E73204AFA788080794B0
 |   |   |- Guid:9573F0914DE4CB0098CE3598EE208C65 BaseClass:/Game/MyContent/Blueprints/BP_Camera.BP_Camera_C NativeClass:/Script/Engine.Actor Name:BP_Camera_C_UAID_088FC30F2FD5D8AE01_1774044936 Label:BP_Camera SpatiallyLoaded:1 Bounds:IsValid=true, Min=(X=-12350.922 Y=-4646.418 Z=46.752), Max=(X=-3043.640 Y=5478.926 Z=83.906) RuntimeGrid:None EditorOnly:0 RuntimeOnly:0 HLODRelevant:0
 |   |   |- Guid:9B6437D24F853ED12846098CC583CBEF BaseClass: NativeClass:/Script/Engine.SkyLight Name:SkyLight_1 Label:SkyLight SpatiallyLoaded:0 Bounds:IsValid=true, Min=(X=0.000 Y=0.000 Z=690.000), Max=(X=0.000 Y=0.000 Z=690.000) RuntimeGrid:None EditorOnly:0 RuntimeOnly:0 HLODRelevant:0 FolderPath:Lighting FolderGuid:963EC3EB4002CCE9759E2EBA541A873A
 |   |   |- Guid:9EC2DA9142DC31ED69A58DA1F65CEEA8 BaseClass: NativeClass:/Script/Engine.StaticMeshActor Name:StaticMeshActor_UAID_088FC30F2FD5D7AE01_1220673752 Label:SM_Cube15 SpatiallyLoaded:1 Bounds:IsValid=true, Min=(X=-3350.000 Y=-1490.000 Z=0.000), Max=(X=-2810.750 Y=-1390.000 Z=191.250) RuntimeGrid:None EditorOnly:0 RuntimeOnly:0 HLODRelevant:1 FolderPath:Track/Obstacles/Walls FolderGuid:B21EECCA4183E73204AFA788080794B0
 |   |   |- Guid:A5FB2DDA4C830590395BF99F5AC3C61E BaseClass:/Game/MyContent/Blueprints/Obstacles/BP_IronWall.BP_IronWall_C NativeClass:/Script/Engine.Actor Name:BP_IronWall_C_UAID_088FC30F2FD57AAF01_1592909431 Label:BP_IronWall SpatiallyLoaded:1 Bounds:IsValid=true, Min=(X=-8311.000 Y=5175.000 Z=10.000), Max=(X=-8261.000 Y=5575.000 Z=285.000) RuntimeGrid:None EditorOnly:0 RuntimeOnly:0 HLODRelevant:0
 |   |   |- Guid:B41CE0354E41BD7E64051AA2CCF8F271 BaseClass:/Game/MyContent/Blueprints/Obstacles/BP_Helicopter.BP_Helicopter_C NativeClass:/Script/Engine.Actor Name:BP_Helicopter_C_UAID_088FC30F2FD57DAF01_1884712961 Label:BP_Helicopter SpatiallyLoaded:1 Bounds:IsValid=true, Min=(X=-12761.000 Y=5217.000 Z=328.000), Max=(X=-12086.000 Y=5492.000 Z=603.000) RuntimeGrid:None EditorOnly:0 RuntimeOnly:0 HLODRelevant:0
 |   |   |- Guid:C5C443B34AA588F9E3BE669DDE2F0D0F BaseClass: NativeClass:/Script/Engine.StaticMeshActor Name:StaticMeshActor_UAID_088FC30F2FD514AF01_1862937488 Label:SM_Cube23 SpatiallyLoaded:1 Bounds:IsValid=true, Min=(X=-3900.000 Y=4970.750 Z=0.000), Max=(X=-3800.000 Y=5510.000 Z=191.250) RuntimeGrid:None EditorOnly:0 RuntimeOnly:0 HLODRelevant:1 FolderPath:Track/Obstacles/Walls FolderGuid:B21EECCA4183E73204AFA788080794B0
 |   |   |- Guid:C9A785274C64D0DD880E4889C6F65AA3 BaseClass: NativeClass:/Script/Engine.StaticMeshActor Name:StaticMeshActor_UAID_48E7DA42DC6BB5AF01_2049475829 Label:PianoConBucoCentrale2 SpatiallyLoaded:1 Bounds:IsValid=true, Min=(X=-8495.000 Y=4923.000 Z=-499.080), Max=(X=-7495.000 Y=5923.000 Z=80.000) RuntimeGrid:None EditorOnly:0 RuntimeOnly:0 HLODRelevant:1
 |   |   |- Guid:CF48B5734245060E3D1C9C9009B2379A BaseClass: NativeClass:/Script/Engine.StaticMeshActor Name:StaticMeshActor_UAID_48E7DA42DC6BB6AF01_1511928007 Label:PianoSenzaBuco3 SpatiallyLoaded:1 Bounds:IsValid=true, Min=(X=-11670.000 Y=4895.000 Z=-566.225), Max=(X=-10670.000 Y=5895.000 Z=9.000) RuntimeGrid:None EditorOnly:0 RuntimeOnly:0 HLODRelevant:1
 |   |   |- Guid:D2BF4A05423E8ADBEEA247AD2B33AF7D BaseClass: NativeClass:/Script/Engine.PlayerStart Name:PlayerStart_UAID_088FC30F2FD5D6AE01_1560945572 Label:PlayerStart SpatiallyLoaded:0 Bounds:IsValid=true, Min=(X=-12330.000 Y=5410.000 Z=10.063), Max=(X=-12250.000 Y=5490.000 Z=194.063) RuntimeGrid:None EditorOnly:0 RuntimeOnly:0 HLODRelevant:0
 |   |   |- Guid:DA9BC1A746D0CCF75C4E48865E849197 BaseClass: NativeClass:/Script/Engine.VolumetricCloud Name:VolumetricCloud_0 Label:VolumetricCloud SpatiallyLoaded:0 Bounds:IsValid=true, Min=(X=0.000 Y=0.000 Z=820.000), Max=(X=0.000 Y=0.000 Z=820.000) RuntimeGrid:None EditorOnly:0 RuntimeOnly:0 HLODRelevant:0 FolderPath:Lighting FolderGuid:963EC3EB4002CCE9759E2EBA541A873A
 |   |   |- Guid:DE410BCF441CE5D4358DC09925FADA59 BaseClass: NativeClass:/Script/Engine.StaticMeshActor Name:StaticMeshActor_UAID_088FC30F2FD514AF01_1846431484 Label:SM_Cube8 SpatiallyLoaded:1 Bounds:IsValid=true, Min=(X=-7501.000 Y=5190.750 Z=0.000), Max=(X=-7401.000 Y=5730.000 Z=191.250) RuntimeGrid:None EditorOnly:0 RuntimeOnly:0 HLODRelevant:1 FolderPath:Track/Obstacles/Walls FolderGuid:B21EECCA4183E73204AFA788080794B0
 |   |   |- Guid:E8B9A3564D94BC14016BAD99E62E91F8 BaseClass: NativeClass:/Script/Engine.StaticMeshActor Name:StaticMeshActor_UAID_088FC30F2FD514AF01_1862939490 Label:SM_Cube11 SpatiallyLoaded:1 Bounds:IsValid=true, Min=(X=-3179.250 Y=4140.000 Z=0.000), Max=(X=-2640.000 Y=4240.000 Z=191.250) RuntimeGrid:None EditorOnly:0 RuntimeOnly:0 HLODRelevant:1 FolderPath:Track/Obstacles/Walls FolderGuid:B21EECCA4183E73204AFA788080794B0
 |   |   |- Guid:EBCBB4414634758D9A3EC791F1D7BB48 BaseClass: NativeClass:/Script/Engine.SkyAtmosphere Name:SkyAtmosphere_0 Label:SkyAtmosphere SpatiallyLoaded:0 Bounds:IsValid=true, Min=(X=0.000 Y=0.000 Z=1020.000), Max=(X=0.000 Y=0.000 Z=1020.000) RuntimeGrid:None EditorOnly:0 RuntimeOnly:0 HLODRelevant:0 FolderPath:Lighting FolderGuid:963EC3EB4002CCE9759E2EBA541A873A
 |   |   |- Guid:F39C02B64E78587EB34B7F8B3844416F BaseClass: NativeClass:/Script/Engine.StaticMeshActor Name:StaticMeshActor_UAID_088FC30F2FD5D2AE01_1611832864 Label:SM_Cube2 SpatiallyLoaded:1 Bounds:IsValid=true, Min=(X=-3580.000 Y=-5060.000 Z=-50.000), Max=(X=-2580.000 Y=4940.000 Z=0.000) RuntimeGrid:None EditorOnly:0 RuntimeOnly:0 HLODRelevant:1 FolderPath:Track FolderGuid:C73F09FC4215536B1DCE2A9E0A830C70
 |   |   |- Guid:F7F429B949E32911482C6DB86F41CB51 BaseClass: NativeClass:/Script/Engine.StaticMeshActor Name:StaticMeshActor_UAID_088FC30F2FD514AF01_1846428480 Label:SM_Cube18 SpatiallyLoaded:1 Bounds:IsValid=true, Min=(X=-11540.000 Y=5280.750 Z=0.000), Max=(X=-11440.000 Y=5820.000 Z=191.250) RuntimeGrid:None EditorOnly:0 RuntimeOnly:0 HLODRelevant:1 FolderPath:Track/Obstacles/Walls FolderGuid:B21EECCA4183E73204AFA788080794B0
 |   |   |- Guid:F9843D3748EDA660CF46F08708654059 BaseClass: NativeClass:/Script/Engine.StaticMeshActor Name:StaticMeshActor_UAID_088FC30F2FD514AF01_1846429482 Label:SM_Cube20 SpatiallyLoaded:1 Bounds:IsValid=true, Min=(X=-9800.000 Y=4960.750 Z=0.000), Max=(X=-9700.000 Y=5500.000 Z=191.250) RuntimeGrid:None EditorOnly:0 RuntimeOnly:0 HLODRelevant:1 FolderPath:Track/Obstacles/Walls FolderGuid:B21EECCA4183E73204AFA788080794B0
 |   |- [+] Clusters:
 |   |   |- [+] [  0]
 |   |   |   |- Guid:C5C443B34AA588F9E3BE669DDE2F0D0F BaseClass: NativeClass:/Script/Engine.StaticMeshActor Name:StaticMeshActor_UAID_088FC30F2FD514AF01_1862937488 Label:SM_Cube23 SpatiallyLoaded:1 Bounds:IsValid=true, Min=(X=-3900.000 Y=4970.750 Z=0.000), Max=(X=-3800.000 Y=5510.000 Z=191.250) RuntimeGrid:None EditorOnly:0 RuntimeOnly:0 HLODRelevant:1 FolderPath:Track/Obstacles/Walls FolderGuid:B21EECCA4183E73204AFA788080794B0
 |   |   |- [+] [  1]
 |   |   |   |- Guid:D2BF4A05423E8ADBEEA247AD2B33AF7D BaseClass: NativeClass:/Script/Engine.PlayerStart Name:PlayerStart_UAID_088FC30F2FD5D6AE01_1560945572 Label:PlayerStart SpatiallyLoaded:0 Bounds:IsValid=true, Min=(X=-12330.000 Y=5410.000 Z=10.063), Max=(X=-12250.000 Y=5490.000 Z=194.063) RuntimeGrid:None EditorOnly:0 RuntimeOnly:0 HLODRelevant:0
 |   |   |- [+] [  2]
 |   |   |   |- Guid:9EC2DA9142DC31ED69A58DA1F65CEEA8 BaseClass: NativeClass:/Script/Engine.StaticMeshActor Name:StaticMeshActor_UAID_088FC30F2FD5D7AE01_1220673752 Label:SM_Cube15 SpatiallyLoaded:1 Bounds:IsValid=true, Min=(X=-3350.000 Y=-1490.000 Z=0.000), Max=(X=-2810.750 Y=-1390.000 Z=191.250) RuntimeGrid:None EditorOnly:0 RuntimeOnly:0 HLODRelevant:1 FolderPath:Track/Obstacles/Walls FolderGuid:B21EECCA4183E73204AFA788080794B0
 |   |   |- [+] [  3]
 |   |   |   |- Guid:B41CE0354E41BD7E64051AA2CCF8F271 BaseClass:/Game/MyContent/Blueprints/Obstacles/BP_Helicopter.BP_Helicopter_C NativeClass:/Script/Engine.Actor Name:BP_Helicopter_C_UAID_088FC30F2FD57DAF01_1884712961 Label:BP_Helicopter SpatiallyLoaded:1 Bounds:IsValid=true, Min=(X=-12761.000 Y=5217.000 Z=328.000), Max=(X=-12086.000 Y=5492.000 Z=603.000) RuntimeGrid:None EditorOnly:0 RuntimeOnly:0 HLODRelevant:0
 |   |   |- [+] [  4]
 |   |   |   |- Guid:5BB069B747CCDB15CCFBD688CF6C9858 BaseClass: NativeClass:/Script/Engine.StaticMeshActor Name:StaticMeshActor_UAID_088FC30F2FD514AF01_1846424479 Label:SM_Cube17 SpatiallyLoaded:1 Bounds:IsValid=true, Min=(X=-10440.000 Y=5180.750 Z=0.000), Max=(X=-10340.000 Y=5720.000 Z=191.250) RuntimeGrid:None EditorOnly:0 RuntimeOnly:0 HLODRelevant:1 FolderPath:Track/Obstacles/Walls FolderGuid:B21EECCA4183E73204AFA788080794B0
 |   |   |- [+] [  5]
 |   |   |   |- Guid:0905F5C3409D617C1459E3BE52C56A8D BaseClass: NativeClass:/Script/Engine.PostProcessVolume Name:PostProcessVolume_0 Label:PostProcessVolume SpatiallyLoaded:0 Bounds:IsValid=true, Min=(X=0.000 Y=0.000 Z=400.000), Max=(X=200.000 Y=200.000 Z=600.000) RuntimeGrid:None EditorOnly:0 RuntimeOnly:0 HLODRelevant:0 FolderPath:Lighting FolderGuid:963EC3EB4002CCE9759E2EBA541A873A
 |   |   |- [+] [  6]
 |   |   |   |- Guid:62F788D5413B979EFCF1D8805CEA5569 BaseClass: NativeClass:/Script/Engine.StaticMeshActor Name:StaticMeshActor_UAID_088FC30F2FD514AF01_1862936486 Label:SM_Cube22 SpatiallyLoaded:1 Bounds:IsValid=true, Min=(X=-5640.000 Y=5290.750 Z=0.000), Max=(X=-5540.000 Y=5830.000 Z=191.250) RuntimeGrid:None EditorOnly:0 RuntimeOnly:0 HLODRelevant:1 FolderPath:Track/Obstacles/Walls FolderGuid:B21EECCA4183E73204AFA788080794B0
 |   |   |- [+] [  7]
 |   |   |   |- Guid:9B6437D24F853ED12846098CC583CBEF BaseClass: NativeClass:/Script/Engine.SkyLight Name:SkyLight_1 Label:SkyLight SpatiallyLoaded:0 Bounds:IsValid=true, Min=(X=0.000 Y=0.000 Z=690.000), Max=(X=0.000 Y=0.000 Z=690.000) RuntimeGrid:None EditorOnly:0 RuntimeOnly:0 HLODRelevant:0 FolderPath:Lighting FolderGuid:963EC3EB4002CCE9759E2EBA541A873A
 |   |   |- [+] [  8]
 |   |   |   |- Guid:8FD37B8C4E82C7EFAF19C9BF6343C118 BaseClass: NativeClass:/Script/Engine.StaticMeshActor Name:StaticMeshActor_UAID_088FC30F2FD5D7AE01_1150231749 Label:SM_Cube5 SpatiallyLoaded:1 Bounds:IsValid=true, Min=(X=-3360.000 Y=1960.000 Z=0.000), Max=(X=-2820.750 Y=2060.000 Z=191.250) RuntimeGrid:None EditorOnly:0 RuntimeOnly:0 HLODRelevant:1 FolderPath:Track/Obstacles/Walls FolderGuid:B21EECCA4183E73204AFA788080794B0
 |   |   |- [+] [  9]
 |   |   |   |- Guid:F39C02B64E78587EB34B7F8B3844416F BaseClass: NativeClass:/Script/Engine.StaticMeshActor Name:StaticMeshActor_UAID_088FC30F2FD5D2AE01_1611832864 Label:SM_Cube2 SpatiallyLoaded:1 Bounds:IsValid=true, Min=(X=-3580.000 Y=-5060.000 Z=-50.000), Max=(X=-2580.000 Y=4940.000 Z=0.000) RuntimeGrid:None EditorOnly:0 RuntimeOnly:0 HLODRelevant:1 FolderPath:Track FolderGuid:C73F09FC4215536B1DCE2A9E0A830C70
 |   |   |- [+] [ 10]
 |   |   |   |- Guid:2B2E72844679013F384ED6B031E57B93 BaseClass: NativeClass:/Script/Engine.StaticMeshActor Name:StaticMeshActor_UAID_088FC30F2FD5D7AE01_1154631750 Label:SM_Cube6 SpatiallyLoaded:1 Bounds:IsValid=true, Min=(X=-3170.000 Y=2600.000 Z=0.000), Max=(X=-2630.750 Y=2700.000 Z=191.250) RuntimeGrid:None EditorOnly:0 RuntimeOnly:0 HLODRelevant:1 FolderPath:Track/Obstacles/Walls FolderGuid:B21EECCA4183E73204AFA788080794B0
 |   |   |- [+] [ 11]
 |   |   |   |- Guid:440D56BD419422172743B1B479D4ADDC BaseClass: NativeClass:/Script/Engine.DirectionalLight Name:DirectionalLight_0 Label:DirectionalLight SpatiallyLoaded:0 Bounds:IsValid=true, Min=(X=-4398046511104.000 Y=-4398046511104.000 Z=-4398046511104.000), Max=(X=4398046511104.000 Y=4398046511104.000 Z=4398046511104.000) RuntimeGrid:None EditorOnly:0 RuntimeOnly:0 HLODRelevant:0 FolderPath:Lighting FolderGuid:963EC3EB4002CCE9759E2EBA541A873A
 |   |   |- [+] [ 12]
 |   |   |   |- Guid:1374516E4A14E130F874E099B61685EB BaseClass: NativeClass:/Script/Engine.StaticMeshActor Name:StaticMeshActor_UAID_A4AE111137DC5EFB00_1110535423 Label:SM_SkySphere SpatiallyLoaded:0 Bounds:IsValid=true, Min=(X=-1646750.020 Y=-1635250.020 Z=-1638400.000), Max=(X=1630050.020 Y=1641550.020 Z=1638400.000) RuntimeGrid:None EditorOnly:0 RuntimeOnly:0 HLODRelevant:1 FolderPath:Lighting FolderGuid:963EC3EB4002CCE9759E2EBA541A873A
 |   |   |- [+] [ 13]
 |   |   |   |- Guid:5900B42849C8E5601F2CA0B0DD670DAC BaseClass: NativeClass:/Script/Engine.StaticMeshActor Name:StaticMeshActor_UAID_088FC30F2FD514AF01_1862933485 Label:SM_Cube21 SpatiallyLoaded:1 Bounds:IsValid=true, Min=(X=-4540.000 Y=5190.750 Z=0.000), Max=(X=-4440.000 Y=5730.000 Z=191.250) RuntimeGrid:None EditorOnly:0 RuntimeOnly:0 HLODRelevant:1 FolderPath:Track/Obstacles/Walls FolderGuid:B21EECCA4183E73204AFA788080794B0
 |   |   |- [+] [ 14]
 |   |   |   |- Guid:DE410BCF441CE5D4358DC09925FADA59 BaseClass: NativeClass:/Script/Engine.StaticMeshActor Name:StaticMeshActor_UAID_088FC30F2FD514AF01_1846431484 Label:SM_Cube8 SpatiallyLoaded:1 Bounds:IsValid=true, Min=(X=-7501.000 Y=5190.750 Z=0.000), Max=(X=-7401.000 Y=5730.000 Z=191.250) RuntimeGrid:None EditorOnly:0 RuntimeOnly:0 HLODRelevant:1 FolderPath:Track/Obstacles/Walls FolderGuid:B21EECCA4183E73204AFA788080794B0
 |   |   |- [+] [ 15]
 |   |   |   |- Guid:F7F429B949E32911482C6DB86F41CB51 BaseClass: NativeClass:/Script/Engine.StaticMeshActor Name:StaticMeshActor_UAID_088FC30F2FD514AF01_1846428480 Label:SM_Cube18 SpatiallyLoaded:1 Bounds:IsValid=true, Min=(X=-11540.000 Y=5280.750 Z=0.000), Max=(X=-11440.000 Y=5820.000 Z=191.250) RuntimeGrid:None EditorOnly:0 RuntimeOnly:0 HLODRelevant:1 FolderPath:Track/Obstacles/Walls FolderGuid:B21EECCA4183E73204AFA788080794B0
 |   |   |- [+] [ 16]
 |   |   |   |- Guid:8EE086E44CFEBCAD7CAF0CB1A19EF0B4 BaseClass: NativeClass:/Script/Engine.WorldDataLayers Name:WorldDataLayers Label:WorldDataLayers SpatiallyLoaded:0 Bounds:IsValid=true, Min=(X=0.000 Y=0.000 Z=0.000), Max=(X=0.000 Y=0.000 Z=0.000) RuntimeGrid:None EditorOnly:0 RuntimeOnly:0 HLODRelevant:0
 |   |   |- [+] [ 17]
 |   |   |   |- Guid:56B5597B44ECDDC46E34BEB170AE413D BaseClass: NativeClass:/Script/Engine.StaticMeshActor Name:StaticMeshActor_UAID_088FC30F2FD5D7AE01_1220671751 Label:SM_Cube14 SpatiallyLoaded:1 Bounds:IsValid=true, Min=(X=-3450.000 Y=-2590.000 Z=0.000), Max=(X=-2910.750 Y=-2490.000 Z=191.250) RuntimeGrid:None EditorOnly:0 RuntimeOnly:0 HLODRelevant:1 FolderPath:Track/Obstacles/Walls FolderGuid:B21EECCA4183E73204AFA788080794B0
 |   |   |- [+] [ 18]
 |   |   |   |- Guid:6CD45A8C442D00179B3D5897661FD7D9 BaseClass:/Game/MyContent/Blueprints/Obstacles/BP_HeliPatrol.BP_HeliPatrol_C NativeClass:/Script/Engine.Actor Name:BP_HeliPatrol_C_UAID_088FC30F2FD57DAF01_1735823960 Label:BP_HeliPatrol SpatiallyLoaded:1 Bounds:IsValid=true, Min=(X=-12397.000 Y=-5024.000 Z=721.000), Max=(X=-3070.423 Y=5409.852 Z=721.000) RuntimeGrid:None EditorOnly:0 RuntimeOnly:0 HLODRelevant:0
 |   |   |- [+] [ 19]
 |   |   |   |- Guid:21D739054C8C9D035EE569A41B883D01 BaseClass: NativeClass:/Script/Engine.StaticMeshActor Name:StaticMeshActor_UAID_088FC30F2FD5D2AE01_1844328865 Label:SM_Cube3 SpatiallyLoaded:1 Bounds:IsValid=true, Min=(X=-3190.000 Y=860.000 Z=0.000), Max=(X=-2650.750 Y=960.000 Z=191.250) RuntimeGrid:None EditorOnly:0 RuntimeOnly:0 HLODRelevant:1 FolderPath:Track/Obstacles/Walls FolderGuid:B21EECCA4183E73204AFA788080794B0
 |   |   |- [+] [ 20]
 |   |   |   |- Guid:DA9BC1A746D0CCF75C4E48865E849197 BaseClass: NativeClass:/Script/Engine.VolumetricCloud Name:VolumetricCloud_0 Label:VolumetricCloud SpatiallyLoaded:0 Bounds:IsValid=true, Min=(X=0.000 Y=0.000 Z=820.000), Max=(X=0.000 Y=0.000 Z=820.000) RuntimeGrid:None EditorOnly:0 RuntimeOnly:0 HLODRelevant:0 FolderPath:Lighting FolderGuid:963EC3EB4002CCE9759E2EBA541A873A
 |   |   |- [+] [ 21]
 |   |   |   |- Guid:0F57A85449936CF141CA23AD098CEF17 BaseClass:/Game/MyContent/Blueprints/Obstacles/BP_Explosive.BP_Explosive_C NativeClass:/Script/Engine.Actor Name:BP_Explosive_C_UAID_088FC30F2FD518AF01_1104182183 Label:BP_Explosive SpatiallyLoaded:1 Bounds:IsValid=true, Min=(X=-9247.000 Y=5324.000 Z=-56.937), Max=(X=-9047.000 Y=5524.000 Z=43.063) RuntimeGrid:None EditorOnly:0 RuntimeOnly:0 HLODRelevant:0 FolderPath:Track/Obstacles/Explosives FolderGuid:87D97F1846F6E90E487BE59B32E441A7
 |   |   |- [+] [ 22]
 |   |   |   |- Guid:1DC2680F4F110C3E5945B2BB81F72604 BaseClass:/Game/MyContent/Blueprints/Obstacles/ChaosPlugin/BP_Anchor.BP_Anchor_C NativeClass:/Script/FieldSystemEngine.FieldSystemActor Name:BP_Anchor_C_UAID_088FC30F2FD56FAF01_1705530495 Label:BP_Anchor2 SpatiallyLoaded:1 Bounds:IsValid=true, Min=(X=-6776.000 Y=5816.000 Z=-14.500), Max=(X=-6616.000 Y=5976.000 Z=755.500) RuntimeGrid:None EditorOnly:0 RuntimeOnly:0 HLODRelevant:0 FolderPath:Track/Obstacles FolderGuid:82B3A19343C8F530F3B4B6BEB5A48305
 |   |   |- [+] [ 23]
 |   |   |   |- Guid:F9843D3748EDA660CF46F08708654059 BaseClass: NativeClass:/Script/Engine.StaticMeshActor Name:StaticMeshActor_UAID_088FC30F2FD514AF01_1846429482 Label:SM_Cube20 SpatiallyLoaded:1 Bounds:IsValid=true, Min=(X=-9800.000 Y=4960.750 Z=0.000), Max=(X=-9700.000 Y=5500.000 Z=191.250) RuntimeGrid:None EditorOnly:0 RuntimeOnly:0 HLODRelevant:1 FolderPath:Track/Obstacles/Walls FolderGuid:B21EECCA4183E73204AFA788080794B0
 |   |   |- [+] [ 24]
 |   |   |   |- Guid:A5FB2DDA4C830590395BF99F5AC3C61E BaseClass:/Game/MyContent/Blueprints/Obstacles/BP_IronWall.BP_IronWall_C NativeClass:/Script/Engine.Actor Name:BP_IronWall_C_UAID_088FC30F2FD57AAF01_1592909431 Label:BP_IronWall SpatiallyLoaded:1 Bounds:IsValid=true, Min=(X=-8311.000 Y=5175.000 Z=10.000), Max=(X=-8261.000 Y=5575.000 Z=285.000) RuntimeGrid:None EditorOnly:0 RuntimeOnly:0 HLODRelevant:0
 |   |   |- [+] [ 25]
 |   |   |   |- Guid:413BA84145E876DD83EC1B85F3155B23 BaseClass: NativeClass:/Script/Engine.ExponentialHeightFog Name:ExponentialHeightFog_0 Label:ExponentialHeightFog SpatiallyLoaded:0 Bounds:IsValid=true, Min=(X=-5600.000 Y=-50.000 Z=-6850.000), Max=(X=-5600.000 Y=-50.000 Z=-6850.000) RuntimeGrid:None EditorOnly:0 RuntimeOnly:0 HLODRelevant:0 FolderPath:Lighting FolderGuid:963EC3EB4002CCE9759E2EBA541A873A
 |   |   |- [+] [ 26]
 |   |   |   |- Guid:35808DAE4CBAB5EF4AF6F599DEFC9EE9 BaseClass: NativeClass:/Script/Engine.StaticMeshActor Name:StaticMeshActor_UAID_48E7DA42DC6BB6AF01_1473206006 Label:PianoSenzaBuco2 SpatiallyLoaded:1 Bounds:IsValid=true, Min=(X=-12669.000 Y=4894.000 Z=-566.225), Max=(X=-11669.000 Y=5894.000 Z=9.000) RuntimeGrid:None EditorOnly:0 RuntimeOnly:0 HLODRelevant:1
 |   |   |- [+] [ 27]
 |   |   |   |- Guid:EBCBB4414634758D9A3EC791F1D7BB48 BaseClass: NativeClass:/Script/Engine.SkyAtmosphere Name:SkyAtmosphere_0 Label:SkyAtmosphere SpatiallyLoaded:0 Bounds:IsValid=true, Min=(X=0.000 Y=0.000 Z=1020.000), Max=(X=0.000 Y=0.000 Z=1020.000) RuntimeGrid:None EditorOnly:0 RuntimeOnly:0 HLODRelevant:0 FolderPath:Lighting FolderGuid:963EC3EB4002CCE9759E2EBA541A873A
 |   |   |- [+] [ 28]
 |   |   |   |- Guid:46C68BE747AE81C17910E1B7C2B610BD BaseClass:/Game/MyContent/Blueprints/Obstacles/BP_ChaosWall.BP_ChaosWall_C NativeClass:/Script/Engine.Actor Name:BP_ChaosWall_C_UAID_088FC30F2FD571AF01_2086659850 Label:BP_ChaosWall SpatiallyLoaded:1 Bounds:IsValid=true, Min=(X=-6748.000 Y=4944.000 Z=10.000), Max=(X=-6648.000 Y=5919.000 Z=610.000) RuntimeGrid:None EditorOnly:0 RuntimeOnly:0 HLODRelevant:0 FolderPath:Track/Obstacles FolderGuid:82B3A19343C8F530F3B4B6BEB5A48305
 |   |   |   |- Guid:5BE2B75C45372E5D1334E9BFE3F6F41D BaseClass:/Game/MyContent/Blueprints/Obstacles/ChaosPlugin/BP_Anchor.BP_Anchor_C NativeClass:/Script/FieldSystemEngine.FieldSystemActor Name:BP_Anchor_C_UAID_088FC30F2FD53EAF01_1672566874 Label:BP_Anchor SpatiallyLoaded:1 Bounds:IsValid=true, Min=(X=-6777.000 Y=4880.000 Z=-70.500), Max=(X=-6617.000 Y=5930.000 Z=149.500) RuntimeGrid:None EditorOnly:0 RuntimeOnly:0 HLODRelevant:0 FolderPath:Track/Obstacles FolderGuid:82B3A19343C8F530F3B4B6BEB5A48305
 |   |   |   |- Guid:2929ED1A4747673A86AA22BCB5D08349 BaseClass:/Game/MyContent/Blueprints/Obstacles/ChaosPlugin/BP_Anchor.BP_Anchor_C NativeClass:/Script/FieldSystemEngine.FieldSystemActor Name:BP_Anchor_C_UAID_088FC30F2FD572AF01_1447369030 Label:BP_Anchor3 SpatiallyLoaded:1 Bounds:IsValid=true, Min=(X=-6785.126 Y=5822.199 Z=17.001), Max=(X=-6625.126 Y=5982.199 Z=712.001) RuntimeGrid:None EditorOnly:0 RuntimeOnly:0 HLODRelevant:0
 |   |   |   |- Guid:48E21D284E42105D1C1934B6B5B18009 BaseClass:/Game/MyContent/Blueprints/Obstacles/ChaosPlugin/BP_Anchor.BP_Anchor_C NativeClass:/Script/FieldSystemEngine.FieldSystemActor Name:BP_Anchor_C_UAID_088FC30F2FD572AF01_1414534029 Label:BP_Anchor2 SpatiallyLoaded:1 Bounds:IsValid=true, Min=(X=-6786.126 Y=4868.199 Z=17.001), Max=(X=-6626.126 Y=5028.199 Z=712.001) RuntimeGrid:None EditorOnly:0 RuntimeOnly:0 HLODRelevant:0
 |   |   |   |- Guid:86EBCC02416E8119B3285186A8B75D23 BaseClass:/Game/MyContent/Blueprints/Obstacles/ChaosPlugin/BP_Anchor.BP_Anchor_C NativeClass:/Script/FieldSystemEngine.FieldSystemActor Name:BP_Anchor_C_UAID_088FC30F2FD577AF01_1454105915 Label:BP_Anchor4 SpatiallyLoaded:1 Bounds:IsValid=true, Min=(X=-6776.000 Y=4881.000 Z=487.500), Max=(X=-6616.000 Y=5931.000 Z=707.500) RuntimeGrid:None EditorOnly:0 RuntimeOnly:0 HLODRelevant:0 FolderPath:Track/Obstacles FolderGuid:82B3A19343C8F530F3B4B6BEB5A48305
 |   |   |- [+] [ 29]
 |   |   |   |- Guid:E8B9A3564D94BC14016BAD99E62E91F8 BaseClass: NativeClass:/Script/Engine.StaticMeshActor Name:StaticMeshActor_UAID_088FC30F2FD514AF01_1862939490 Label:SM_Cube11 SpatiallyLoaded:1 Bounds:IsValid=true, Min=(X=-3179.250 Y=4140.000 Z=0.000), Max=(X=-2640.000 Y=4240.000 Z=191.250) RuntimeGrid:None EditorOnly:0 RuntimeOnly:0 HLODRelevant:1 FolderPath:Track/Obstacles/Walls FolderGuid:B21EECCA4183E73204AFA788080794B0
 |   |   |- [+] [ 30]
 |   |   |   |- Guid:47E00E184A16C53016F89F8F26AF8284 BaseClass: NativeClass:/Script/Engine.StaticMeshActor Name:StaticMeshActor_UAID_088FC30F2FD5D7AE01_1220684753 Label:SM_Cube16 SpatiallyLoaded:1 Bounds:IsValid=true, Min=(X=-3130.000 Y=-850.000 Z=0.000), Max=(X=-2590.750 Y=-750.000 Z=191.250) RuntimeGrid:None EditorOnly:0 RuntimeOnly:0 HLODRelevant:1 FolderPath:Track/Obstacles/Walls FolderGuid:B21EECCA4183E73204AFA788080794B0
 |   |   |- [+] [ 31]
 |   |   |   |- Guid:9573F0914DE4CB0098CE3598EE208C65 BaseClass:/Game/MyContent/Blueprints/BP_Camera.BP_Camera_C NativeClass:/Script/Engine.Actor Name:BP_Camera_C_UAID_088FC30F2FD5D8AE01_1774044936 Label:BP_Camera SpatiallyLoaded:1 Bounds:IsValid=true, Min=(X=-12350.922 Y=-4646.418 Z=46.752), Max=(X=-3043.640 Y=5478.926 Z=83.906) RuntimeGrid:None EditorOnly:0 RuntimeOnly:0 HLODRelevant:0
 |   |   |- [+] [ 32]
 |   |   |   |- Guid:0251BBB44DBECD6B6266B58C1C58B73D BaseClass: NativeClass:/Script/Engine.StaticMeshActor Name:StaticMeshActor_UAID_088FC30F2FD514AF01_1862938489 Label:SM_Cube10 SpatiallyLoaded:1 Bounds:IsValid=true, Min=(X=-3369.250 Y=3500.000 Z=0.000), Max=(X=-2830.000 Y=3600.000 Z=191.250) RuntimeGrid:None EditorOnly:0 RuntimeOnly:0 HLODRelevant:1 FolderPath:Track/Obstacles/Walls FolderGuid:B21EECCA4183E73204AFA788080794B0
 |   |   |- [+] [ 33]
 |   |   |   |- Guid:395D7DC346506768C1F4348CCEC513EA BaseClass:/Game/MyContent/Blueprints/Obstacles/ChaosPlugin/BP_Anchor.BP_Anchor_C NativeClass:/Script/FieldSystemEngine.FieldSystemActor Name:BP_Anchor_C_UAID_088FC30F2FD56FAF01_1717582496 Label:BP_Anchor3 SpatiallyLoaded:1 Bounds:IsValid=true, Min=(X=-6775.000 Y=4882.000 Z=-14.500), Max=(X=-6615.000 Y=5042.000 Z=755.500) RuntimeGrid:None EditorOnly:0 RuntimeOnly:0 HLODRelevant:0 FolderPath:Track/Obstacles FolderGuid:82B3A19343C8F530F3B4B6BEB5A48305
 |   |   |- [+] [ 34]
 |   |   |   |- Guid:201B0998452645FBAC74039CD11BFA3C BaseClass: NativeClass:/Script/Engine.StaticMeshActor Name:StaticMeshActor_UAID_48E7DA42DC6BB4AF01_1303606641 Label:Alpha SpatiallyLoaded:1 Bounds:IsValid=true, Min=(X=-12239.842 Y=5068.158 Z=12.376), Max=(X=-11412.158 Y=5895.842 Z=12.376) RuntimeGrid:None EditorOnly:0 RuntimeOnly:0 HLODRelevant:1
 |   |   |- [+] [ 35]
 |   |   |   |- Guid:4F9BE57740A491FBF713948071F960AB BaseClass: NativeClass:/Script/Engine.StaticMeshActor Name:StaticMeshActor_UAID_48E7DA42DC6BB5AF01_1940863826 Label:PianoConBucoCentrale SpatiallyLoaded:1 Bounds:IsValid=true, Min=(X=-11576.000 Y=6452.000 Z=-458.080), Max=(X=-10576.000 Y=7452.000 Z=121.000) RuntimeGrid:None EditorOnly:0 RuntimeOnly:0 HLODRelevant:1
 |   |   |- [+] [ 36]
 |   |   |   |- Guid:645C6D314F9DB5F837DA6C8F6559BF6E BaseClass: NativeClass:/Script/Engine.StaticMeshActor Name:StaticMeshActor_UAID_48E7DA42DC6BB5AF01_1749891822 Label:PianoSenzaBuco SpatiallyLoaded:1 Bounds:IsValid=true, Min=(X=-12734.000 Y=6422.000 Z=-563.225), Max=(X=-11734.000 Y=7422.000 Z=12.000) RuntimeGrid:None EditorOnly:0 RuntimeOnly:0 HLODRelevant:1
 |   |   |- [+] [ 37]
 |   |   |   |- Guid:1FDA7E6B404373235FE2A094CCCC08CE BaseClass: NativeClass:/Script/Engine.StaticMeshActor Name:StaticMeshActor_UAID_48E7DA42DC6BB5AF01_1952558827 Label:PianoConBuco2 SpatiallyLoaded:1 Bounds:IsValid=true, Min=(X=-10491.000 Y=6343.000 Z=-510.522), Max=(X=-9491.000 Y=7343.000 Z=68.000) RuntimeGrid:None EditorOnly:0 RuntimeOnly:0 HLODRelevant:1
 |   |   |- [+] [ 38]
 |   |   |   |- Guid:1D83C0684D551BD35E1E50B41B5AC999 BaseClass: NativeClass:/Script/Engine.StaticMeshActor Name:StaticMeshActor_UAID_48E7DA42DC6BB5AF01_1957268828 Label:PianoConBuco1 SpatiallyLoaded:1 Bounds:IsValid=true, Min=(X=-9408.000 Y=6379.000 Z=-519.365), Max=(X=-8408.000 Y=7379.000 Z=68.000) RuntimeGrid:None EditorOnly:0 RuntimeOnly:0 HLODRelevant:1
 |   |   |- [+] [ 39]
 |   |   |   |- Guid:C9A785274C64D0DD880E4889C6F65AA3 BaseClass: NativeClass:/Script/Engine.StaticMeshActor Name:StaticMeshActor_UAID_48E7DA42DC6BB5AF01_2049475829 Label:PianoConBucoCentrale2 SpatiallyLoaded:1 Bounds:IsValid=true, Min=(X=-8495.000 Y=4923.000 Z=-499.080), Max=(X=-7495.000 Y=5923.000 Z=80.000) RuntimeGrid:None EditorOnly:0 RuntimeOnly:0 HLODRelevant:1
 |   |   |- [+] [ 40]
 |   |   |   |- Guid:CF48B5734245060E3D1C9C9009B2379A BaseClass: NativeClass:/Script/Engine.StaticMeshActor Name:StaticMeshActor_UAID_48E7DA42DC6BB6AF01_1511928007 Label:PianoSenzaBuco3 SpatiallyLoaded:1 Bounds:IsValid=true, Min=(X=-11670.000 Y=4895.000 Z=-566.225), Max=(X=-10670.000 Y=5895.000 Z=9.000) RuntimeGrid:None EditorOnly:0 RuntimeOnly:0 HLODRelevant:1
 |- ContainerInstances:
 |- [+] MainContainer:
 |   |-        ID: 0x0000000000000000
 |   |-    Bounds: IsValid=false, Min=(X=0.000 Y=0.000 Z=0.000), Max=(X=0.000 Y=0.000 Z=0.000)
 |   |- Transform: 0.000000,0.000000,0.000000|0.000000,0.000000,-0.000000|1.000000,1.000000,1.000000
 |   |- Container: /Game/MyContent/Levels/L_Paolo
----------------------------------------------------------------------------------------------------------------
L_Paolo - Persistent Level
----------------------------------------------------------------------------------------------------------------
Always loaded Actor Count: 53 

----------------------------------------------------------------------------------------------------------------
L_Paolo - Runtime Spatial Hash - Streaming Grid - MainGrid
----------------------------------------------------------------------------------------------------------------
            Origin: X=0.000 Y=0.000 Z=0.000
         Cell Size: 12800
      World Bounds: IsValid=false, Min=(X=0.000 Y=0.000 Z=0.000), Max=(X=0.000 Y=0.000 Z=0.000)
     Loading Range: 25600.00
Block Slow Loading: No
 ClientOnlyVisible: No

[+] Grid Levels: 1
 |- Level  0: Cell Count    0 | Cell Size   12800 | Actor Count    0 (0.0%)

[+] Content of Grid Level 0

